#
# There is insufficient memory for the Java Runtime Environment to continue.
# Native memory allocation (mmap) failed to map 260046848 bytes for G1 virtual space
# Possible reasons:
#   The system is out of physical RAM or swap space
#   The process is running with CompressedOops enabled, and the Java Heap may be blocking the growth of the native heap
# Possible solutions:
#   Reduce memory load on the system
#   Increase physical memory or swap space
#   Check if swap backing store is full
#   Decrease Java heap size (-Xmx/-Xms)
#   Decrease number of Java threads
#   Decrease Java thread stack sizes (-Xss)
#   Set larger code cache with -XX:ReservedCodeCacheSize=
#   JVM is running with Zero Based Compressed Oops mode in which the Java heap is
#     placed in the first 32GB address space. The Java Heap base address is the
#     maximum limit for the native heap growth. Please use -XX:HeapBaseMinAddress
#     to set the Java Heap base and to place the Java Heap above 32GB virtual address.
# This output file may be truncated or incomplete.
#
#  Out of Memory Error (os_windows.cpp:3552), pid=13448, tid=19644
#
# JRE version:  (17.0.9+11) (build )
# Java VM: Java HotSpot(TM) 64-Bit Server VM (17.0.9+11-LTS-201, mixed mode, sharing, tiered, compressed oops, compressed class ptrs, g1 gc, windows-amd64)
# No core dump will be written. Minidumps are not enabled by default on client versions of Windows
#

---------------  S U M M A R Y ------------

Command Line: org.jetbrains.kotlin.cli.jvm.K2JVMCompiler @C:\Users\Admin\Documents\ReactNative\React_Native_Project\node_modules\react-native-gesture-handler\android\build\20240102_16445990382332489699.compiler.options

Host: AMD Ryzen 7 4800H with Radeon Graphics         , 16 cores, 15G,  Windows 11 , 64 bit Build 22621 (10.0.22621.2841)
Time: Tue Jan  2 14:02:12 2024 SE Asia Standard Time elapsed time: 0.090545 seconds (0d 0h 0m 0s)

---------------  T H R E A D  ---------------

Current thread (0x0000025b73677d90):  JavaThread "Unknown thread" [_thread_in_vm, id=19644, stack(0x000000ab2bf00000,0x000000ab2c000000)]

Stack: [0x000000ab2bf00000,0x000000ab2c000000]
Native frames: (J=compiled Java code, j=interpreted, Vv=VM code, C=native code)
V  [jvm.dll+0x678a4a]
V  [jvm.dll+0x7d9cfd]
V  [jvm.dll+0x7db60e]
V  [jvm.dll+0x7dbc73]
V  [jvm.dll+0x245e1f]
V  [jvm.dll+0x6758f9]
V  [jvm.dll+0x66a2a2]
V  [jvm.dll+0x303686]
V  [jvm.dll+0x30ac06]
V  [jvm.dll+0x35a48e]
V  [jvm.dll+0x35a6bf]
V  [jvm.dll+0x2da678]
V  [jvm.dll+0x2db5e4]
V  [jvm.dll+0x7ab6b1]
V  [jvm.dll+0x368041]
V  [jvm.dll+0x78a749]
V  [jvm.dll+0x3ebd4f]
V  [jvm.dll+0x3ed7d1]
C  [jli.dll+0x5297]
C  [ucrtbase.dll+0x29363]
C  [KERNEL32.DLL+0x1257d]
C  [ntdll.dll+0x5aa58]


---------------  P R O C E S S  ---------------

Threads class SMR info:
_java_thread_list=0x00007ffa86f289d8, length=0, elements={
}

Java Threads: ( => current thread )

Other Threads:
  0x0000025b736e47f0 GCTaskThread "GC Thread#0" [stack: 0x000000ab2c000000,0x000000ab2c100000] [id=376]
  0x0000025b736f4e00 ConcurrentGCThread "G1 Main Marker" [stack: 0x000000ab2c100000,0x000000ab2c200000] [id=17392]
  0x0000025b736f5810 ConcurrentGCThread "G1 Conc#0" [stack: 0x000000ab2c200000,0x000000ab2c300000] [id=23412]

[error occurred during error reporting (printing all threads), id 0xc0000005, EXCEPTION_ACCESS_VIOLATION (0xc0000005) at pc=0x00007ffa8675b2d7]

VM state: not at safepoint (not fully initialized)

VM Mutex/Monitor currently owned by a thread:  ([mutex/lock_event])
[0x0000025b73674ea0] Heap_lock - owner thread: 0x0000025b73677d90

Heap address: 0x0000000709400000, size: 3948 MB, Compressed Oops mode: Zero based, Oop shift amount: 3

CDS archive(s) mapped at: [0x0000000000000000-0x0000000000000000-0x0000000000000000), size 0, SharedBaseAddress: 0x0000000800000000, ArchiveRelocationMode: 1.
Narrow klass base: 0x0000000000000000, Narrow klass shift: 0, Narrow klass range: 0x0

GC Precious Log:
<Empty>

Heap:
 garbage-first heap   total 0K, used 0K [0x0000000709400000, 0x0000000800000000)
  region size 2048K, 0 young (0K), 0 survivors (0K)

[error occurred during error reporting (printing heap information), id 0xc0000005, EXCEPTION_ACCESS_VIOLATION (0xc0000005) at pc=0x00007ffa86b42229]

GC Heap History (0 events):
No events

Deoptimization events (0 events):
No events

Classes unloaded (0 events):
No events

Classes redefined (0 events):
No events

Internal exceptions (0 events):
No events

VM Operations (0 events):
No events

Events (1 events):
Event: 0.053 Loaded shared library C:\Program Files\Java\jdk-17\bin\java.dll


Dynamic libraries:
0x00007ff7f9a40000 - 0x00007ff7f9a50000 	C:\Program Files\Java\jdk-17\bin\java.exe
0x00007ffb35850000 - 0x00007ffb35a67000 	C:\WINDOWS\SYSTEM32\ntdll.dll
0x00007ffb35020000 - 0x00007ffb350e4000 	C:\WINDOWS\System32\KERNEL32.DLL
0x00007ffb32bb0000 - 0x00007ffb32f56000 	C:\WINDOWS\System32\KERNELBASE.dll
0x00007ffb332b0000 - 0x00007ffb333c1000 	C:\WINDOWS\System32\ucrtbase.dll
0x00007ffadd350000 - 0x00007ffadd369000 	C:\Program Files\Java\jdk-17\bin\jli.dll
0x00007ffb351f0000 - 0x00007ffb352a1000 	C:\WINDOWS\System32\ADVAPI32.dll
0x00007ffb33720000 - 0x00007ffb337c7000 	C:\WINDOWS\System32\msvcrt.dll
0x00007ffb35140000 - 0x00007ffb351e5000 	C:\WINDOWS\System32\sechost.dll
0x00007ffb352b0000 - 0x00007ffb353c7000 	C:\WINDOWS\System32\RPCRT4.dll
0x00007ffb33bb0000 - 0x00007ffb33d5e000 	C:\WINDOWS\System32\USER32.dll
0x00007ffb33280000 - 0x00007ffb332a6000 	C:\WINDOWS\System32\win32u.dll
0x00007ffb35110000 - 0x00007ffb35139000 	C:\WINDOWS\System32\GDI32.dll
0x00007ffb33470000 - 0x00007ffb33588000 	C:\WINDOWS\System32\gdi32full.dll
0x00007ffb333d0000 - 0x00007ffb3346a000 	C:\WINDOWS\System32\msvcp_win.dll
0x00007ffada7f0000 - 0x00007ffada80b000 	C:\Program Files\Java\jdk-17\bin\VCRUNTIME140.dll
0x00007ffb2b900000 - 0x00007ffb2bb93000 	C:\WINDOWS\WinSxS\amd64_microsoft.windows.common-controls_6595b64144ccf1df_6.0.22621.2706_none_270c5aa17388e1a2\COMCTL32.dll
0x00007ffb2c270000 - 0x00007ffb2c27a000 	C:\WINDOWS\SYSTEM32\VERSION.dll
0x00007ffb353d0000 - 0x00007ffb35401000 	C:\WINDOWS\System32\IMM32.DLL
0x00007ffb205b0000 - 0x00007ffb205bc000 	C:\Program Files\Java\jdk-17\bin\vcruntime140_1.dll
0x00007ffad81f0000 - 0x00007ffad827e000 	C:\Program Files\Java\jdk-17\bin\msvcp140.dll
0x00007ffa86470000 - 0x00007ffa87051000 	C:\Program Files\Java\jdk-17\bin\server\jvm.dll
0x00007ffb35100000 - 0x00007ffb35108000 	C:\WINDOWS\System32\PSAPI.DLL
0x00007ffb096a0000 - 0x00007ffb096a9000 	C:\WINDOWS\SYSTEM32\WSOCK32.dll
0x00007ffb27d20000 - 0x00007ffb27d54000 	C:\WINDOWS\SYSTEM32\WINMM.dll
0x00007ffb34290000 - 0x00007ffb34301000 	C:\WINDOWS\System32\WS2_32.dll
0x00007ffb31bb0000 - 0x00007ffb31bc8000 	C:\WINDOWS\SYSTEM32\kernel.appcore.dll
0x00007ffafbeb0000 - 0x00007ffafbeba000 	C:\Program Files\Java\jdk-17\bin\jimage.dll
0x00007ffb30520000 - 0x00007ffb30753000 	C:\WINDOWS\SYSTEM32\DBGHELP.DLL
0x00007ffb33820000 - 0x00007ffb33ba9000 	C:\WINDOWS\System32\combase.dll
0x00007ffb35410000 - 0x00007ffb354e7000 	C:\WINDOWS\System32\OLEAUT32.dll
0x00007ffb289e0000 - 0x00007ffb28a12000 	C:\WINDOWS\SYSTEM32\dbgcore.DLL
0x00007ffb33200000 - 0x00007ffb3327a000 	C:\WINDOWS\System32\bcryptPrimitives.dll
0x00007ffad9010000 - 0x00007ffad9035000 	C:\Program Files\Java\jdk-17\bin\java.dll

dbghelp: loaded successfully - version: 4.0.5 - missing functions: none
symbol engine: initialized successfully - sym options: 0x614 - pdb path: .;C:\Program Files\Java\jdk-17\bin;C:\WINDOWS\SYSTEM32;C:\WINDOWS\WinSxS\amd64_microsoft.windows.common-controls_6595b64144ccf1df_6.0.22621.2706_none_270c5aa17388e1a2;C:\Program Files\Java\jdk-17\bin\server

VM Arguments:
java_command: org.jetbrains.kotlin.cli.jvm.K2JVMCompiler @C:\Users\Admin\Documents\ReactNative\React_Native_Project\node_modules\react-native-gesture-handler\android\build\20240102_16445990382332489699.compiler.options
java_class_path (initial): C:\Users\Admin\.gradle\caches\modules-2\files-2.1\org.jetbrains.kotlin\kotlin-compiler-embeddable\1.6.21\97bdd5a752ce73b58ef16c17bc7f0ea2faff7a2e\kotlin-compiler-embeddable-1.6.21.jar;C:\Users\Admin\.gradle\caches\modules-2\files-2.1\org.jetbrains.kotlin\kotlin-reflect\1.6.21\5dc3574d9b7bebfcb4ec6b10ada4aaa9e140bd0b\kotlin-reflect-1.6.21.jar;C:\Users\Admin\.gradle\caches\modules-2\files-2.1\org.jetbrains.kotlin\kotlin-stdlib\1.6.21\11ef67f1900634fd951bad28c53ec957fabbe5b8\kotlin-stdlib-1.6.21.jar;C:\Users\Admin\.gradle\caches\modules-2\files-2.1\org.jetbrains.kotlin\kotlin-script-runtime\1.6.21\99c6675100da5d6d5b1c5a1032f27f28008d101b\kotlin-script-runtime-1.6.21.jar;C:\Users\Admin\.gradle\caches\modules-2\files-2.1\org.jetbrains.kotlin\kotlin-daemon-embeddable\1.6.21\46b78cf392e1c4f10854c3cadba44abb7b82250f\kotlin-daemon-embeddable-1.6.21.jar;C:\Users\Admin\.gradle\caches\modules-2\files-2.1\org.jetbrains.intellij.deps\trove4j\1.0.20200330\3afb14d5f9ceb459d724e907a21145e8ff394f02\trove4j-1.0.20200330.jar;C:\Users\Admin\.gradle\caches\modules-2\files-2.1\net.java.dev.jna\jna\5.6.0\330f2244e9030119ab3030fc3fededc86713d9cc\jna-5.6.0.jar;C:\Users\Admin\.gradle\caches\modules-2\files-2.1\org.jetbrains.kotlin\kotlin-stdlib-common\1.6.21\5e5b55c26dbc80372a920aef60eb774b714559b8\kotlin-stdlib-common-1.6.21.jar;C:\Users\Admin\.gradle\caches\modules-2\files-2.1\org.jetbrains\annotations\13.0\919f0dfe192fb4e063e7dacadee7f8bb9a2672a9\annotations-13.0.jar
Launcher Type: SUN_STANDARD

[Global flags]
     intx CICompilerCount                          = 12                                        {product} {ergonomic}
     uint ConcGCThreads                            = 3                                         {product} {ergonomic}
     uint G1ConcRefinementThreads                  = 13                                        {product} {ergonomic}
   size_t G1HeapRegionSize                         = 2097152                                   {product} {ergonomic}
    uintx GCDrainStackTargetSize                   = 64                                        {product} {ergonomic}
   size_t InitialHeapSize                          = 260046848                                 {product} {ergonomic}
   size_t MarkStackSize                            = 4194304                                   {product} {ergonomic}
   size_t MaxHeapSize                              = 4139778048                                {product} {ergonomic}
   size_t MinHeapDeltaBytes                        = 2097152                                   {product} {ergonomic}
   size_t MinHeapSize                              = 8388608                                   {product} {ergonomic}
    uintx NonNMethodCodeHeapSize                   = 7602480                                {pd product} {ergonomic}
    uintx NonProfiledCodeHeapSize                  = 122027880                              {pd product} {ergonomic}
    uintx ProfiledCodeHeapSize                     = 122027880                              {pd product} {ergonomic}
    uintx ReservedCodeCacheSize                    = 251658240                              {pd product} {ergonomic}
     bool SegmentedCodeCache                       = true                                      {product} {ergonomic}
   size_t SoftMaxHeapSize                          = 4139778048                             {manageable} {ergonomic}
     bool UseCompressedClassPointers               = true                           {product lp64_product} {ergonomic}
     bool UseCompressedOops                        = true                           {product lp64_product} {ergonomic}
     bool UseG1GC                                  = true                                      {product} {ergonomic}
     bool UseLargePagesIndividualAllocation        = false                                  {pd product} {ergonomic}

Logging:
Log output configuration:
 #0: stdout all=warning uptime,level,tags
 #1: stderr all=off uptime,level,tags

Environment Variables:
JAVA_HOME=C:\Program Files\Java\jdk-17
CLASSPATH=C:\Users\Admin\Documents\ReactNative\React_Native_Project\android\\gradle\wrapper\gradle-wrapper.jar
PATH=C:\Users\Admin\Documents\ReactNative\React_Native_Project\node_modules\.bin;C:\Users\Admin\Documents\ReactNative\React_Native_Project\node_modules\.bin;C:\Users\Admin\Documents\ReactNative\node_modules\.bin;C:\Users\Admin\Documents\node_modules\.bin;C:\Users\Admin\node_modules\.bin;C:\Users\node_modules\.bin;C:\node_modules\.bin;C:\Program Files\nodejs\node_modules\npm\node_modules\@npmcli\run-script\lib\node-gyp-bin;C:\Users\Admin\AppData\Local\Temp\yarn--1704178877020-0.0054799855905185435;C:\Users\Admin\Documents\ReactNative\React_Native_Project\node_modules\.bin;C:\Users\Admin\AppData\Local\Yarn\Data\link\node_modules\.bin;C:\Users\Admin\AppData\Local\Yarn\bin;C:\Program Files\libexec\lib\node_modules\npm\bin\node-gyp-bin;C:\Program Files\lib\node_modules\npm\bin\node-gyp-bin;C:\Program Files\nodejs\node_modules\npm\bin\node-gyp-bin;C:\Program Files\Common Files\Oracle\Java\javapath;C:\Windows\system32;C:\Windows;C:\Windows\System32\Wbem;C:\Windows\System32\WindowsPowerShell\v1.0\;C:\Windows\System32\OpenSSH\;C:\Program Files (x86)\NVIDIA Corporation\PhysX\Common;C:\Program Files\NVIDIA Corporation\NVIDIA NvDLISR;C:\Program Files\nodejs\;C:\Program Files\Git\cmd;C:\Program Files\Microsoft SQL Server\150\Tools\Binn\;C:\Program Files\Microsoft SQL Server\Client SDK\ODBC\170\Tools\Binn\;C:\Program Files (x86)\Microsoft SQL Server\160\Tools\Binn\;C:\Program Files\Microsoft SQL Server\160\Tools\Binn\;C:\Program Files\Microsoft SQL Server\160\DTS\Binn\;C:\Program Files\dotnet\;C:\Program Files (x86)\Microsoft SQL Server\160\DTS\Binn\;C:\Program Files\Azure Data Studio\bin;C:\WINDOWS\system32;C:\WINDOWS;C:\WINDOWS\System32\Wbem;C:\WINDOWS\System32\WindowsPowerShell\v1.0\;C:\WINDOWS\System32\OpenSSH\;C:\Program Files\PuTTY\;C:\Program Files\Java\jdk-17\bin;C:\Users\Admin\AppData\Local\Programs\Python\Python311\Scripts\;C:\Users\Admin\AppData\Local\Programs\Python\Python311\;C:\Users\Admin\AppData\Local\Microsoft\WindowsApps;C:\Program Files\JetBrains\IntelliJ IDEA 202
USERNAME=Admin
OS=Windows_NT
PROCESSOR_IDENTIFIER=AMD64 Family 23 Model 96 Stepping 1, AuthenticAMD



---------------  S Y S T E M  ---------------

OS:
 Windows 11 , 64 bit Build 22621 (10.0.22621.2841)
OS uptime: 1 days 0:49 hours

CPU: total 16 (initial active 16) (16 cores per cpu, 2 threads per core) family 23 model 96 stepping 1 microcode 0x0, cx8, cmov, fxsr, ht, mmx, 3dnowpref, sse, sse2, sse3, ssse3, sse4a, sse4.1, sse4.2, popcnt, lzcnt, tsc, tscinvbit, avx, avx2, aes, clmul, bmi1, bmi2, adx, sha, fma, vzeroupper, clflush, clflushopt

Memory: 4k page, system-wide physical 15791M (704M free)
TotalPageFile size 44363M (AvailPageFile size 181M)
current process WorkingSet (physical memory assigned to process): 11M, peak: 11M
current process commit charge ("private bytes"): 70M, peak: 318M

vm_info: Java HotSpot(TM) 64-Bit Server VM (17.0.9+11-LTS-201) for windows-amd64 JRE (17.0.9+11-LTS-201), built on Oct 10 2023 23:16:06 by "mach5one" with MS VC++ 17.1 (VS2022)

END.
