#
# There is insufficient memory for the Java Runtime Environment to continue.
# Native memory allocation (mmap) failed to map 257949696 bytes for G1 virtual space
# Possible reasons:
#   The system is out of physical RAM or swap space
#   The process is running with CompressedOops enabled, and the Java Heap may be blocking the growth of the native heap
# Possible solutions:
#   Reduce memory load on the system
#   Increase physical memory or swap space
#   Check if swap backing store is full
#   Decrease Java heap size (-Xmx/-Xms)
#   Decrease number of Java threads
#   Decrease Java thread stack sizes (-Xss)
#   Set larger code cache with -XX:ReservedCodeCacheSize=
#   JVM is running with Zero Based Compressed Oops mode in which the Java heap is
#     placed in the first 32GB address space. The Java Heap base address is the
#     maximum limit for the native heap growth. Please use -XX:HeapBaseMinAddress
#     to set the Java Heap base and to place the Java Heap above 32GB virtual address.
# This output file may be truncated or incomplete.
#
#  Out of Memory Error (os_windows.cpp:3552), pid=28552, tid=25564
#
# JRE version:  (17.0.9+11) (build )
# Java VM: Java HotSpot(TM) 64-Bit Server VM (17.0.9+11-LTS-201, mixed mode, sharing, tiered, compressed oops, compressed class ptrs, g1 gc, windows-amd64)
# No core dump will be written. Minidumps are not enabled by default on client versions of Windows
#

---------------  S U M M A R Y ------------

Command Line: 

Host: AMD Ryzen 5 4600H with Radeon Graphics         , 12 cores, 15G,  Windows 11 , 64 bit Build 22621 (10.0.22621.2506)
Time: Wed Jan  3 15:43:59 2024 SE Asia Standard Time elapsed time: 0.008736 seconds (0d 0h 0m 0s)

---------------  T H R E A D  ---------------

Current thread (0x0000020e4d7c4240):  JavaThread "Unknown thread" [_thread_in_vm, id=25564, stack(0x0000009057300000,0x0000009057400000)]

Stack: [0x0000009057300000,0x0000009057400000]
Native frames: (J=compiled Java code, j=interpreted, Vv=VM code, C=native code)
V  [jvm.dll+0x678a4a]
V  [jvm.dll+0x7d9cfd]
V  [jvm.dll+0x7db60e]
V  [jvm.dll+0x7dbc73]
V  [jvm.dll+0x245e1f]
V  [jvm.dll+0x6758f9]
V  [jvm.dll+0x66a2a2]
V  [jvm.dll+0x303686]
V  [jvm.dll+0x30ac06]
V  [jvm.dll+0x35a48e]
V  [jvm.dll+0x35a6bf]
V  [jvm.dll+0x2da678]
V  [jvm.dll+0x2db5e4]
V  [jvm.dll+0x7ab6b1]
V  [jvm.dll+0x368041]
V  [jvm.dll+0x78a749]
V  [jvm.dll+0x3ebd4f]
V  [jvm.dll+0x3ed7d1]
C  [jli.dll+0x5297]
C  [ucrtbase.dll+0x29363]
C  [KERNEL32.DLL+0x1257d]
C  [ntdll.dll+0x5aa58]


---------------  P R O C E S S  ---------------

Threads class SMR info:
_java_thread_list=0x00007fffca7f89d8, length=0, elements={
}

Java Threads: ( => current thread )

Other Threads:
  0x0000020e4d830ac0 GCTaskThread "GC Thread#0" [stack: 0x0000009057400000,0x0000009057500000] [id=11888]
  0x0000020e4d842f20 ConcurrentGCThread "G1 Main Marker" [stack: 0x0000009057500000,0x0000009057600000] [id=1956]
  0x0000020e4d843830 ConcurrentGCThread "G1 Conc#0" [stack: 0x0000009057600000,0x0000009057700000] [id=10576]

[error occurred during error reporting (printing all threads), id 0xc0000005, EXCEPTION_ACCESS_VIOLATION (0xc0000005) at pc=0x00007fffca02b2d7]

VM state: not at safepoint (not fully initialized)

VM Mutex/Monitor currently owned by a thread:  ([mutex/lock_event])
[0x0000020e4d7c1470] Heap_lock - owner thread: 0x0000020e4d7c4240

Heap address: 0x000000070a000000, size: 3936 MB, Compressed Oops mode: Zero based, Oop shift amount: 3

CDS archive(s) mapped at: [0x0000000000000000-0x0000000000000000-0x0000000000000000), size 0, SharedBaseAddress: 0x0000000800000000, ArchiveRelocationMode: 1.
Narrow klass base: 0x0000000000000000, Narrow klass shift: 0, Narrow klass range: 0x0

GC Precious Log:
<Empty>

Heap:
 garbage-first heap   total 0K, used 0K [0x000000070a000000, 0x0000000800000000)
  region size 2048K, 0 young (0K), 0 survivors (0K)

[error occurred during error reporting (printing heap information), id 0xc0000005, EXCEPTION_ACCESS_VIOLATION (0xc0000005) at pc=0x00007fffca412229]

GC Heap History (0 events):
No events

Deoptimization events (0 events):
No events

Classes unloaded (0 events):
No events

Classes redefined (0 events):
No events

Internal exceptions (0 events):
No events

VM Operations (0 events):
No events

Events (1 events):
Event: 0.005 Loaded shared library C:\Program Files\Java\jdk-17\bin\java.dll


Dynamic libraries:
0x00007ff715c80000 - 0x00007ff715c90000 	C:\Program Files\Java\jdk-17\bin\java.exe
0x00007ff87c9b0000 - 0x00007ff87cbc7000 	C:\WINDOWS\SYSTEM32\ntdll.dll
0x00007ff87bd80000 - 0x00007ff87be44000 	C:\WINDOWS\System32\KERNEL32.DLL
0x00007ff879fd0000 - 0x00007ff87a376000 	C:\WINDOWS\System32\KERNELBASE.dll
0x00007ff879eb0000 - 0x00007ff879fc1000 	C:\WINDOWS\System32\ucrtbase.dll
0x00007ff82feb0000 - 0x00007ff82fec9000 	C:\Program Files\Java\jdk-17\bin\jli.dll
0x00007ff830d60000 - 0x00007ff830d7b000 	C:\Program Files\Java\jdk-17\bin\VCRUNTIME140.dll
0x00007ff87c0c0000 - 0x00007ff87c171000 	C:\WINDOWS\System32\ADVAPI32.dll
0x00007ff87bf80000 - 0x00007ff87c027000 	C:\WINDOWS\System32\msvcrt.dll
0x00007ff87b0e0000 - 0x00007ff87b185000 	C:\WINDOWS\System32\sechost.dll
0x00007ff87acf0000 - 0x00007ff87ae07000 	C:\WINDOWS\System32\RPCRT4.dll
0x00007ff87c680000 - 0x00007ff87c82e000 	C:\WINDOWS\System32\USER32.dll
0x00007ff866b50000 - 0x00007ff866de3000 	C:\WINDOWS\WinSxS\amd64_microsoft.windows.common-controls_6595b64144ccf1df_6.0.22621.2506_none_270c5ae97388e100\COMCTL32.dll
0x00007ff87a6d0000 - 0x00007ff87a6f6000 	C:\WINDOWS\System32\win32u.dll
0x00007ff87be50000 - 0x00007ff87be79000 	C:\WINDOWS\System32\GDI32.dll
0x00007ff879d20000 - 0x00007ff879e38000 	C:\WINDOWS\System32\gdi32full.dll
0x00007ff87a570000 - 0x00007ff87a60a000 	C:\WINDOWS\System32\msvcp_win.dll
0x00007ff872f70000 - 0x00007ff872f7a000 	C:\WINDOWS\SYSTEM32\VERSION.dll
0x00007ff87ac50000 - 0x00007ff87ac81000 	C:\WINDOWS\System32\IMM32.DLL
0x00007ff857db0000 - 0x00007ff857dbc000 	C:\Program Files\Java\jdk-17\bin\vcruntime140_1.dll
0x00007fffebf70000 - 0x00007fffebffe000 	C:\Program Files\Java\jdk-17\bin\msvcp140.dll
0x00007fffc9d40000 - 0x00007fffca921000 	C:\Program Files\Java\jdk-17\bin\server\jvm.dll
0x00007ff87c180000 - 0x00007ff87c188000 	C:\WINDOWS\System32\PSAPI.DLL
0x00007ff868110000 - 0x00007ff868119000 	C:\WINDOWS\SYSTEM32\WSOCK32.dll
0x00007ff873090000 - 0x00007ff8730c4000 	C:\WINDOWS\SYSTEM32\WINMM.dll
0x00007ff87ae10000 - 0x00007ff87ae81000 	C:\WINDOWS\System32\WS2_32.dll
0x00007ff878d20000 - 0x00007ff878d38000 	C:\WINDOWS\SYSTEM32\kernel.appcore.dll
0x00007ff854ce0000 - 0x00007ff854cea000 	C:\Program Files\Java\jdk-17\bin\jimage.dll
0x00007ff8778a0000 - 0x00007ff877ad3000 	C:\WINDOWS\SYSTEM32\DBGHELP.DLL
0x00007ff87b9f0000 - 0x00007ff87bd79000 	C:\WINDOWS\System32\combase.dll
0x00007ff87a9f0000 - 0x00007ff87aac7000 	C:\WINDOWS\System32\OLEAUT32.dll
0x00007ff864f70000 - 0x00007ff864fa2000 	C:\WINDOWS\SYSTEM32\dbgcore.DLL
0x00007ff87a380000 - 0x00007ff87a3fa000 	C:\WINDOWS\System32\bcryptPrimitives.dll
0x00007ff80d5e0000 - 0x00007ff80d605000 	C:\Program Files\Java\jdk-17\bin\java.dll

dbghelp: loaded successfully - version: 4.0.5 - missing functions: none
symbol engine: initialized successfully - sym options: 0x614 - pdb path: .;C:\Program Files\Java\jdk-17\bin;C:\WINDOWS\SYSTEM32;C:\WINDOWS\WinSxS\amd64_microsoft.windows.common-controls_6595b64144ccf1df_6.0.22621.2506_none_270c5ae97388e100;C:\Program Files\Java\jdk-17\bin\server

VM Arguments:
java_command: <unknown>
java_class_path (initial): <not set>
Launcher Type: SUN_STANDARD

[Global flags]
     intx CICompilerCount                          = 4                                         {product} {ergonomic}
     uint ConcGCThreads                            = 3                                         {product} {ergonomic}
     uint G1ConcRefinementThreads                  = 10                                        {product} {ergonomic}
   size_t G1HeapRegionSize                         = 2097152                                   {product} {ergonomic}
    uintx GCDrainStackTargetSize                   = 64                                        {product} {ergonomic}
   size_t InitialHeapSize                          = 257949696                                 {product} {ergonomic}
   size_t MarkStackSize                            = 4194304                                   {product} {ergonomic}
   size_t MaxHeapSize                              = 4127195136                                {product} {ergonomic}
   size_t MinHeapDeltaBytes                        = 2097152                                   {product} {ergonomic}
   size_t MinHeapSize                              = 8388608                                   {product} {ergonomic}
    uintx NonNMethodCodeHeapSize                   = 5839372                                {pd product} {ergonomic}
    uintx NonProfiledCodeHeapSize                  = 122909434                              {pd product} {ergonomic}
    uintx ProfiledCodeHeapSize                     = 122909434                              {pd product} {ergonomic}
    uintx ReservedCodeCacheSize                    = 251658240                              {pd product} {ergonomic}
     bool SegmentedCodeCache                       = true                                      {product} {ergonomic}
   size_t SoftMaxHeapSize                          = 4127195136                             {manageable} {ergonomic}
     bool UseCompressedClassPointers               = true                           {product lp64_product} {ergonomic}
     bool UseCompressedOops                        = true                           {product lp64_product} {ergonomic}
     bool UseG1GC                                  = true                                      {product} {ergonomic}
     bool UseLargePagesIndividualAllocation        = false                                  {pd product} {ergonomic}

Logging:
Log output configuration:
 #0: stdout all=warning uptime,level,tags
 #1: stderr all=off uptime,level,tags

Environment Variables:
PATH=E:\mobile_thuctap\React_Native_Project\node_modules\.bin;E:\mobile_thuctap\React_Native_Project\node_modules\.bin;E:\mobile_thuctap\node_modules\.bin;E:\node_modules\.bin;C:\Program Files\nodejs\node_modules\npm\node_modules\@npmcli\run-script\lib\node-gyp-bin;C:\Users\LEGION\AppData\Local\Temp\yarn--1704271430709-0.45858977621448505;E:\mobile_thuctap\React_Native_Project\node_modules\.bin;C:\Users\LEGION\AppData\Local\Yarn\Data\link\node_modules\.bin;C:\Users\LEGION\AppData\Local\Yarn\bin;C:\Program Files\libexec\lib\node_modules\npm\bin\node-gyp-bin;C:\Program Files\lib\node_modules\npm\bin\node-gyp-bin;C:\Program Files\nodejs\node_modules\npm\bin\node-gyp-bin;C:\Program Files\Common Files\Oracle\Java\javapath;C:\Program Files (x86)\Common Files\Oracle\Java\javapath;C:\Windows\system32;C:\Windows;C:\Windows\System32\Wbem;C:\Windows\System32\WindowsPowerShell\v1.0\;C:\Windows\System32\OpenSSH\;C:\Program Files (x86)\NVIDIA Corporation\PhysX\Common;C:\Program Files\dotnet\;C:\Program Files\NVIDIA Corporation\NVIDIA NvDLISR;C:\Program Files\nodejs\;C:\Program Files\PuTTY\;C:\WINDOWS\system32;C:\WINDOWS;C:\WINDOWS\System32\Wbem;C:\WINDOWS\System32\WindowsPowerShell\v1.0\;C:\WINDOWS\System32\OpenSSH\;C:\Program Files\Git\cmd;C:\Users\LEGION\AppData\Local\Microsoft\WindowsApps;E:\IntelliJ IDEA 2022.1.3\bin;;C:\Users\LEGION\.dotnet\tools;C:\Program Files\Azure Data Studio\bin;E:\Python\Scripts;C:\Users\LEGION\AppData\Roaming\npm;E:\VsCode\Microsoft VS Code\bin;C:\Users\LEGION\AppData\Local\Android\Sdk\platform-tools;
USERNAME=LEGION
OS=Windows_NT
PROCESSOR_IDENTIFIER=AMD64 Family 23 Model 96 Stepping 1, AuthenticAMD



---------------  S Y S T E M  ---------------

OS:
 Windows 11 , 64 bit Build 22621 (10.0.22621.2506)
OS uptime: 11 days 18:47 hours

CPU: total 12 (initial active 12) (12 cores per cpu, 2 threads per core) family 23 model 96 stepping 1 microcode 0x0, cx8, cmov, fxsr, ht, mmx, 3dnowpref, sse, sse2, sse3, ssse3, sse4a, sse4.1, sse4.2, popcnt, lzcnt, tsc, tscinvbit, avx, avx2, aes, clmul, bmi1, bmi2, adx, sha, fma, vzeroupper, clflush, clflushopt

Memory: 4k page, system-wide physical 15741M (414M free)
TotalPageFile size 28541M (AvailPageFile size 206M)
current process WorkingSet (physical memory assigned to process): 11M, peak: 11M
current process commit charge ("private bytes"): 64M, peak: 310M

vm_info: Java HotSpot(TM) 64-Bit Server VM (17.0.9+11-LTS-201) for windows-amd64 JRE (17.0.9+11-LTS-201), built on Oct 10 2023 23:16:06 by "mach5one" with MS VC++ 17.1 (VS2022)

END.
