#
# There is insufficient memory for the Java Runtime Environment to continue.
# Native memory allocation (malloc) failed to allocate 32744 bytes for ChunkPool::allocate
# Possible reasons:
#   The system is out of physical RAM or swap space
#   The process is running with CompressedOops enabled, and the Java Heap may be blocking the growth of the native heap
# Possible solutions:
#   Reduce memory load on the system
#   Increase physical memory or swap space
#   Check if swap backing store is full
#   Decrease Java heap size (-Xmx/-Xms)
#   Decrease number of Java threads
#   Decrease Java thread stack sizes (-Xss)
#   Set larger code cache with -XX:ReservedCodeCacheSize=
#   JVM is running with Unscaled Compressed Oops mode in which the Java heap is
#     placed in the first 4GB address space. The Java Heap base address is the
#     maximum limit for the native heap growth. Please use -XX:HeapBaseMinAddress
#     to set the Java Heap base and to place the Java Heap above 4GB virtual address.
# This output file may be truncated or incomplete.
#
#  Out of Memory Error (arena.cpp:78), pid=15764, tid=18908
#
# JRE version: Java(TM) SE Runtime Environment (17.0.9+11) (build 17.0.9+11-LTS-201)
# Java VM: Java HotSpot(TM) 64-Bit Server VM (17.0.9+11-LTS-201, mixed mode, sharing, tiered, compressed oops, compressed class ptrs, g1 gc, windows-amd64)
# No core dump will be written. Minidumps are not enabled by default on client versions of Windows
#

---------------  S U M M A R Y ------------

Command Line: -Xmx64m -Xms64m -Dorg.gradle.appname=gradlew org.gradle.wrapper.GradleWrapperMain app:installDebug -PreactNativeDevServerPort=8081

Host: AMD Ryzen 7 4800H with Radeon Graphics         , 16 cores, 15G,  Windows 11 , 64 bit Build 22621 (10.0.22621.2841)
Time: Tue Jan  2 19:12:02 2024 SE Asia Standard Time elapsed time: 15.095820 seconds (0d 0h 0m 15s)

---------------  T H R E A D  ---------------

Current thread (0x000001becbe96e60):  JavaThread "C1 CompilerThread0" daemon [_thread_in_native, id=18908, stack(0x0000006500300000,0x0000006500400000)]


Current CompileTask:
C1:  15095 1656       3       java.util.ImmutableCollections$Set12$1::<init> (32 bytes)

Stack: [0x0000006500300000,0x0000006500400000]
Native frames: (J=compiled Java code, j=interpreted, Vv=VM code, C=native code)
V  [jvm.dll+0x678a4a]
V  [jvm.dll+0x7d9cfd]
V  [jvm.dll+0x7db60e]
V  [jvm.dll+0x7dbc73]
V  [jvm.dll+0x245e1f]
V  [jvm.dll+0xaad50]
V  [jvm.dll+0xab09c]
V  [jvm.dll+0xb67bd]
V  [jvm.dll+0x15f6a2]
V  [jvm.dll+0x15d9de]
V  [jvm.dll+0x14bc20]
V  [jvm.dll+0x134d77]
V  [jvm.dll+0x13471f]
V  [jvm.dll+0x134958]
V  [jvm.dll+0x133df1]
V  [jvm.dll+0x135a8d]
V  [jvm.dll+0x2272de]
V  [jvm.dll+0x22548b]
V  [jvm.dll+0x78f58c]
V  [jvm.dll+0x78998a]
V  [jvm.dll+0x677875]
C  [ucrtbase.dll+0x29363]
C  [KERNEL32.DLL+0x1257d]
C  [ntdll.dll+0x5aa58]


---------------  P R O C E S S  ---------------

Threads class SMR info:
_java_thread_list=0x000001bf12289000, length=15, elements={
0x000001beb1c56700, 0x000001beb1d18d00, 0x000001beb1d19b80, 0x000001becbe7d610,
0x000001becbe800e0, 0x000001becbe80aa0, 0x000001becbe81460, 0x000001becbe83610,
0x000001becbe96e60, 0x000001becbe9a790, 0x000001bf11175f50, 0x000001bf11179830,
0x000001bf12287d10, 0x000001bf12281150, 0x000001bf12281670
}

Java Threads: ( => current thread )
  0x000001beb1c56700 JavaThread "main" [_thread_blocked, id=20928, stack(0x000000657f500000,0x000000657f600000)]
  0x000001beb1d18d00 JavaThread "Reference Handler" daemon [_thread_blocked, id=20400, stack(0x000000657fc00000,0x000000657fd00000)]
  0x000001beb1d19b80 JavaThread "Finalizer" daemon [_thread_blocked, id=18876, stack(0x000000657fd00000,0x000000657fe00000)]
  0x000001becbe7d610 JavaThread "Signal Dispatcher" daemon [_thread_blocked, id=27320, stack(0x000000657fe00000,0x000000657ff00000)]
  0x000001becbe800e0 JavaThread "Attach Listener" daemon [_thread_blocked, id=24272, stack(0x000000657ff00000,0x0000006580000000)]
  0x000001becbe80aa0 JavaThread "Service Thread" daemon [_thread_blocked, id=27780, stack(0x0000006500000000,0x0000006500100000)]
  0x000001becbe81460 JavaThread "Monitor Deflation Thread" daemon [_thread_blocked, id=22388, stack(0x0000006500100000,0x0000006500200000)]
  0x000001becbe83610 JavaThread "C2 CompilerThread0" daemon [_thread_blocked, id=3316, stack(0x0000006500200000,0x0000006500300000)]
=>0x000001becbe96e60 JavaThread "C1 CompilerThread0" daemon [_thread_in_native, id=18908, stack(0x0000006500300000,0x0000006500400000)]
  0x000001becbe9a790 JavaThread "Sweeper thread" daemon [_thread_blocked, id=9544, stack(0x0000006500400000,0x0000006500500000)]
  0x000001bf11175f50 JavaThread "Notification Thread" daemon [_thread_blocked, id=9152, stack(0x0000006500700000,0x0000006500800000)]
  0x000001bf11179830 JavaThread "Common-Cleaner" daemon [_thread_blocked, id=14732, stack(0x0000006500900000,0x0000006500a00000)]
  0x000001bf12287d10 JavaThread "DisconnectableInputStream source reader" daemon [_thread_in_native, id=9996, stack(0x0000006500c00000,0x0000006500d00000)]
  0x000001bf12281150 JavaThread "C2 CompilerThread1" daemon [_thread_blocked, id=26032, stack(0x0000006500500000,0x0000006500600000)]
  0x000001bf12281670 JavaThread "C2 CompilerThread2" daemon [_thread_blocked, id=2620, stack(0x0000006500600000,0x0000006500700000)]

Other Threads:
  0x000001beb1d130f0 VMThread "VM Thread" [stack: 0x000000657fb00000,0x000000657fc00000] [id=24992]
  0x000001beb1c90c50 WatcherThread [stack: 0x0000006500800000,0x0000006500900000] [id=15652]
  0x000001beb1c779e0 GCTaskThread "GC Thread#0" [stack: 0x000000657f600000,0x000000657f700000] [id=12680]
  0x000001bf11f604f0 GCTaskThread "GC Thread#1" [stack: 0x0000006500d00000,0x0000006500e00000] [id=21044]
  0x000001bf11e62820 GCTaskThread "GC Thread#2" [stack: 0x0000006500e00000,0x0000006500f00000] [id=12572]
  0x000001bf11e62ae0 GCTaskThread "GC Thread#3" [stack: 0x0000006500f00000,0x0000006501000000] [id=25680]
  0x000001bf11ab2490 GCTaskThread "GC Thread#4" [stack: 0x0000006501000000,0x0000006501100000] [id=19196]
  0x000001bf12288400 GCTaskThread "GC Thread#5" [stack: 0x0000006501100000,0x0000006501200000] [id=10704]
  0x000001bf122d1150 GCTaskThread "GC Thread#6" [stack: 0x0000006501200000,0x0000006501300000] [id=388]
  0x000001bf1244cbc0 GCTaskThread "GC Thread#7" [stack: 0x0000006501300000,0x0000006501400000] [id=20908]
  0x000001bf11418340 GCTaskThread "GC Thread#8" [stack: 0x0000006501400000,0x0000006501500000] [id=12000]
  0x000001bf11c027a0 GCTaskThread "GC Thread#9" [stack: 0x0000006501500000,0x0000006501600000] [id=20148]
  0x000001bf11c02a60 GCTaskThread "GC Thread#10" [stack: 0x0000006501600000,0x0000006501700000] [id=7668]
  0x000001bf11c02d20 GCTaskThread "GC Thread#11" [stack: 0x0000006501700000,0x0000006501800000] [id=11316]
  0x000001beb1c79130 ConcurrentGCThread "G1 Main Marker" [stack: 0x000000657f700000,0x000000657f800000] [id=5004]
  0x000001beb1c79b40 ConcurrentGCThread "G1 Conc#0" [stack: 0x000000657f800000,0x000000657f900000] [id=26240]
  0x000001beb1cf3c00 ConcurrentGCThread "G1 Refine#0" [stack: 0x000000657f900000,0x000000657fa00000] [id=27076]
  0x000001beb1cf4630 ConcurrentGCThread "G1 Service" [stack: 0x000000657fa00000,0x000000657fb00000] [id=9444]

Threads with active compile tasks:
C1 CompilerThread0    15115 1656       3       java.util.ImmutableCollections$Set12$1::<init> (32 bytes)

VM state: not at safepoint (normal execution)

VM Mutex/Monitor currently owned by a thread: None

Heap address: 0x00000000fc000000, size: 64 MB, Compressed Oops mode: 32-bit

CDS archive(s) mapped at: [0x000001becc000000-0x000001beccbd0000-0x000001beccbd0000), size 12386304, SharedBaseAddress: 0x000001becc000000, ArchiveRelocationMode: 1.
Compressed class space mapped at: 0x000001becd000000-0x000001bf0d000000, reserved size: 1073741824
Narrow klass base: 0x000001becc000000, Narrow klass shift: 0, Narrow klass range: 0x100000000

GC Precious Log:
 CPUs: 16 total, 16 available
 Memory: 15791M
 Large Page Support: Disabled
 NUMA Support: Disabled
 Compressed Oops: Enabled (32-bit)
 Heap Region Size: 1M
 Heap Min Capacity: 64M
 Heap Initial Capacity: 64M
 Heap Max Capacity: 64M
 Pre-touch: Disabled
 Parallel Workers: 13
 Concurrent Workers: 3
 Concurrent Refinement Workers: 13
 Periodic GC: Disabled

Heap:
 garbage-first heap   total 65536K, used 13486K [0x00000000fc000000, 0x0000000100000000)
  region size 1024K, 4 young (4096K), 3 survivors (3072K)
 Metaspace       used 9594K, committed 9792K, reserved 1114112K
  class space    used 1244K, committed 1344K, reserved 1048576K

Heap Regions: E=young(eden), S=young(survivor), O=old, HS=humongous(starts), HC=humongous(continues), CS=collection set, F=free, OA=open archive, CA=closed archive, TAMS=top-at-mark-start (previous, next)
|   0|0x00000000fc000000, 0x00000000fc100000, 0x00000000fc100000|100%|HS|  |TAMS 0x00000000fc000000, 0x00000000fc000000| Complete 
|   1|0x00000000fc100000, 0x00000000fc200000, 0x00000000fc200000|100%|HC|  |TAMS 0x00000000fc100000, 0x00000000fc100000| Complete 
|   2|0x00000000fc200000, 0x00000000fc300000, 0x00000000fc300000|100%|HC|  |TAMS 0x00000000fc200000, 0x00000000fc200000| Complete 
|   3|0x00000000fc300000, 0x00000000fc400000, 0x00000000fc400000|100%|HC|  |TAMS 0x00000000fc300000, 0x00000000fc300000| Complete 
|   4|0x00000000fc400000, 0x00000000fc500000, 0x00000000fc500000|100%| O|  |TAMS 0x00000000fc400000, 0x00000000fc400000| Untracked 
|   5|0x00000000fc500000, 0x00000000fc600000, 0x00000000fc600000|100%| O|  |TAMS 0x00000000fc500000, 0x00000000fc500000| Untracked 
|   6|0x00000000fc600000, 0x00000000fc700000, 0x00000000fc700000|100%| O|  |TAMS 0x00000000fc600000, 0x00000000fc600000| Untracked 
|   7|0x00000000fc700000, 0x00000000fc800000, 0x00000000fc800000|100%| O|  |TAMS 0x00000000fc700000, 0x00000000fc700000| Untracked 
|   8|0x00000000fc800000, 0x00000000fc900000, 0x00000000fc900000|100%| O|  |TAMS 0x00000000fc800000, 0x00000000fc800000| Untracked 
|   9|0x00000000fc900000, 0x00000000fca00000, 0x00000000fca00000|100%| O|  |TAMS 0x00000000fc900000, 0x00000000fc900000| Untracked 
|  10|0x00000000fca00000, 0x00000000fca74600, 0x00000000fcb00000| 45%| O|  |TAMS 0x00000000fca00000, 0x00000000fca00000| Untracked 
|  11|0x00000000fcb00000, 0x00000000fcb00000, 0x00000000fcc00000|  0%| F|  |TAMS 0x00000000fcb00000, 0x00000000fcb00000| Untracked 
|  12|0x00000000fcc00000, 0x00000000fcc00000, 0x00000000fcd00000|  0%| F|  |TAMS 0x00000000fcc00000, 0x00000000fcc00000| Untracked 
|  13|0x00000000fcd00000, 0x00000000fcd00000, 0x00000000fce00000|  0%| F|  |TAMS 0x00000000fcd00000, 0x00000000fcd00000| Untracked 
|  14|0x00000000fce00000, 0x00000000fce00000, 0x00000000fcf00000|  0%| F|  |TAMS 0x00000000fce00000, 0x00000000fce00000| Untracked 
|  15|0x00000000fcf00000, 0x00000000fcf00000, 0x00000000fd000000|  0%| F|  |TAMS 0x00000000fcf00000, 0x00000000fcf00000| Untracked 
|  16|0x00000000fd000000, 0x00000000fd000000, 0x00000000fd100000|  0%| F|  |TAMS 0x00000000fd000000, 0x00000000fd000000| Untracked 
|  17|0x00000000fd100000, 0x00000000fd100000, 0x00000000fd200000|  0%| F|  |TAMS 0x00000000fd100000, 0x00000000fd100000| Untracked 
|  18|0x00000000fd200000, 0x00000000fd200000, 0x00000000fd300000|  0%| F|  |TAMS 0x00000000fd200000, 0x00000000fd200000| Untracked 
|  19|0x00000000fd300000, 0x00000000fd300000, 0x00000000fd400000|  0%| F|  |TAMS 0x00000000fd300000, 0x00000000fd300000| Untracked 
|  20|0x00000000fd400000, 0x00000000fd400000, 0x00000000fd500000|  0%| F|  |TAMS 0x00000000fd400000, 0x00000000fd400000| Untracked 
|  21|0x00000000fd500000, 0x00000000fd500000, 0x00000000fd600000|  0%| F|  |TAMS 0x00000000fd500000, 0x00000000fd500000| Untracked 
|  22|0x00000000fd600000, 0x00000000fd600000, 0x00000000fd700000|  0%| F|  |TAMS 0x00000000fd600000, 0x00000000fd600000| Untracked 
|  23|0x00000000fd700000, 0x00000000fd700000, 0x00000000fd800000|  0%| F|  |TAMS 0x00000000fd700000, 0x00000000fd700000| Untracked 
|  24|0x00000000fd800000, 0x00000000fd800000, 0x00000000fd900000|  0%| F|  |TAMS 0x00000000fd800000, 0x00000000fd800000| Untracked 
|  25|0x00000000fd900000, 0x00000000fd900000, 0x00000000fda00000|  0%| F|  |TAMS 0x00000000fd900000, 0x00000000fd900000| Untracked 
|  26|0x00000000fda00000, 0x00000000fda00000, 0x00000000fdb00000|  0%| F|  |TAMS 0x00000000fda00000, 0x00000000fda00000| Untracked 
|  27|0x00000000fdb00000, 0x00000000fdb00000, 0x00000000fdc00000|  0%| F|  |TAMS 0x00000000fdb00000, 0x00000000fdb00000| Untracked 
|  28|0x00000000fdc00000, 0x00000000fdc00000, 0x00000000fdd00000|  0%| F|  |TAMS 0x00000000fdc00000, 0x00000000fdc00000| Untracked 
|  29|0x00000000fdd00000, 0x00000000fdd00000, 0x00000000fde00000|  0%| F|  |TAMS 0x00000000fdd00000, 0x00000000fdd00000| Untracked 
|  30|0x00000000fde00000, 0x00000000fde00000, 0x00000000fdf00000|  0%| F|  |TAMS 0x00000000fde00000, 0x00000000fde00000| Untracked 
|  31|0x00000000fdf00000, 0x00000000fdf00000, 0x00000000fe000000|  0%| F|  |TAMS 0x00000000fdf00000, 0x00000000fdf00000| Untracked 
|  32|0x00000000fe000000, 0x00000000fe000000, 0x00000000fe100000|  0%| F|  |TAMS 0x00000000fe000000, 0x00000000fe000000| Untracked 
|  33|0x00000000fe100000, 0x00000000fe100000, 0x00000000fe200000|  0%| F|  |TAMS 0x00000000fe100000, 0x00000000fe100000| Untracked 
|  34|0x00000000fe200000, 0x00000000fe200000, 0x00000000fe300000|  0%| F|  |TAMS 0x00000000fe200000, 0x00000000fe200000| Untracked 
|  35|0x00000000fe300000, 0x00000000fe300000, 0x00000000fe400000|  0%| F|  |TAMS 0x00000000fe300000, 0x00000000fe300000| Untracked 
|  36|0x00000000fe400000, 0x00000000fe4b75a8, 0x00000000fe500000| 71%| S|CS|TAMS 0x00000000fe400000, 0x00000000fe400000| Complete 
|  37|0x00000000fe500000, 0x00000000fe600000, 0x00000000fe600000|100%| S|CS|TAMS 0x00000000fe500000, 0x00000000fe500000| Complete 
|  38|0x00000000fe600000, 0x00000000fe600000, 0x00000000fe700000|  0%| F|  |TAMS 0x00000000fe600000, 0x00000000fe600000| Untracked 
|  39|0x00000000fe700000, 0x00000000fe700000, 0x00000000fe800000|  0%| F|  |TAMS 0x00000000fe700000, 0x00000000fe700000| Untracked 
|  40|0x00000000fe800000, 0x00000000fe800000, 0x00000000fe900000|  0%| F|  |TAMS 0x00000000fe800000, 0x00000000fe800000| Untracked 
|  41|0x00000000fe900000, 0x00000000fea00000, 0x00000000fea00000|100%| S|CS|TAMS 0x00000000fe900000, 0x00000000fe900000| Complete 
|  42|0x00000000fea00000, 0x00000000fea00000, 0x00000000feb00000|  0%| F|  |TAMS 0x00000000fea00000, 0x00000000fea00000| Untracked 
|  43|0x00000000feb00000, 0x00000000feb00000, 0x00000000fec00000|  0%| F|  |TAMS 0x00000000feb00000, 0x00000000feb00000| Untracked 
|  44|0x00000000fec00000, 0x00000000fec00000, 0x00000000fed00000|  0%| F|  |TAMS 0x00000000fec00000, 0x00000000fec00000| Untracked 
|  45|0x00000000fed00000, 0x00000000fed00000, 0x00000000fee00000|  0%| F|  |TAMS 0x00000000fed00000, 0x00000000fed00000| Untracked 
|  46|0x00000000fee00000, 0x00000000fee00000, 0x00000000fef00000|  0%| F|  |TAMS 0x00000000fee00000, 0x00000000fee00000| Untracked 
|  47|0x00000000fef00000, 0x00000000fef00000, 0x00000000ff000000|  0%| F|  |TAMS 0x00000000fef00000, 0x00000000fef00000| Untracked 
|  48|0x00000000ff000000, 0x00000000ff000000, 0x00000000ff100000|  0%| F|  |TAMS 0x00000000ff000000, 0x00000000ff000000| Untracked 
|  49|0x00000000ff100000, 0x00000000ff100000, 0x00000000ff200000|  0%| F|  |TAMS 0x00000000ff100000, 0x00000000ff100000| Untracked 
|  50|0x00000000ff200000, 0x00000000ff200000, 0x00000000ff300000|  0%| F|  |TAMS 0x00000000ff200000, 0x00000000ff200000| Untracked 
|  51|0x00000000ff300000, 0x00000000ff300000, 0x00000000ff400000|  0%| F|  |TAMS 0x00000000ff300000, 0x00000000ff300000| Untracked 
|  52|0x00000000ff400000, 0x00000000ff400000, 0x00000000ff500000|  0%| F|  |TAMS 0x00000000ff400000, 0x00000000ff400000| Untracked 
|  53|0x00000000ff500000, 0x00000000ff500000, 0x00000000ff600000|  0%| F|  |TAMS 0x00000000ff500000, 0x00000000ff500000| Untracked 
|  54|0x00000000ff600000, 0x00000000ff600000, 0x00000000ff700000|  0%| F|  |TAMS 0x00000000ff600000, 0x00000000ff600000| Untracked 
|  55|0x00000000ff700000, 0x00000000ff700000, 0x00000000ff800000|  0%| F|  |TAMS 0x00000000ff700000, 0x00000000ff700000| Untracked 
|  56|0x00000000ff800000, 0x00000000ff800000, 0x00000000ff900000|  0%| F|  |TAMS 0x00000000ff800000, 0x00000000ff800000| Untracked 
|  57|0x00000000ff900000, 0x00000000ff900000, 0x00000000ffa00000|  0%| F|  |TAMS 0x00000000ff900000, 0x00000000ff900000| Untracked 
|  58|0x00000000ffa00000, 0x00000000ffa00000, 0x00000000ffb00000|  0%| F|  |TAMS 0x00000000ffa00000, 0x00000000ffa00000| Untracked 
|  59|0x00000000ffb00000, 0x00000000ffb00000, 0x00000000ffc00000|  0%| F|  |TAMS 0x00000000ffb00000, 0x00000000ffb00000| Untracked 
|  60|0x00000000ffc00000, 0x00000000ffc00000, 0x00000000ffd00000|  0%| F|  |TAMS 0x00000000ffc00000, 0x00000000ffc00000| Untracked 
|  61|0x00000000ffd00000, 0x00000000ffd00000, 0x00000000ffe00000|  0%| F|  |TAMS 0x00000000ffd00000, 0x00000000ffd00000| Untracked 
|  62|0x00000000ffe00000, 0x00000000ffe00000, 0x00000000fff00000|  0%| F|  |TAMS 0x00000000ffe00000, 0x00000000ffe00000| Untracked 
|  63|0x00000000fff00000, 0x00000000fff00800, 0x0000000100000000|  0%| E|  |TAMS 0x00000000fff00000, 0x00000000fff00000| Complete 

Card table byte_map: [0x000001beb1ba0000,0x000001beb1bc0000] _byte_map_base: 0x000001beb13c0000

Marking Bits (Prev, Next): (CMBitMap*) 0x000001beb1c78000, (CMBitMap*) 0x000001beb1c78040
 Prev Bits: [0x000001bec8d80000, 0x000001bec8e80000)
 Next Bits: [0x000001bec8e80000, 0x000001bec8f80000)

Polling page: 0x000001beb1420000

Metaspace:

Usage:
  Non-class:      8.15 MB used.
      Class:      1.22 MB used.
       Both:      9.37 MB used.

Virtual space:
  Non-class space:       64.00 MB reserved,       8.25 MB ( 13%) committed,  1 nodes.
      Class space:        1.00 GB reserved,       1.31 MB ( <1%) committed,  1 nodes.
             Both:        1.06 GB reserved,       9.56 MB ( <1%) committed. 

Chunk freelists:
   Non-Class:  6.91 MB
       Class:  14.61 MB
        Both:  21.52 MB

MaxMetaspaceSize: unlimited
CompressedClassSpaceSize: 1.00 GB
Initial GC threshold: 21.00 MB
Current GC threshold: 21.00 MB
CDS: on
MetaspaceReclaimPolicy: balanced
 - commit_granule_bytes: 65536.
 - commit_granule_words: 8192.
 - virtual_space_node_default_size: 8388608.
 - enlarge_chunks_in_place: 1.
 - new_chunks_are_fully_committed: 0.
 - uncommit_free_chunks: 1.
 - use_allocation_guard: 0.
 - handle_deallocations: 1.


Internal statistics:

num_allocs_failed_limit: 0.
num_arena_births: 92.
num_arena_deaths: 0.
num_vsnodes_births: 2.
num_vsnodes_deaths: 0.
num_space_committed: 153.
num_space_uncommitted: 0.
num_chunks_returned_to_freelist: 0.
num_chunks_taken_from_freelist: 335.
num_chunk_merges: 0.
num_chunk_splits: 220.
num_chunks_enlarged: 179.
num_inconsistent_stats: 0.

CodeHeap 'non-profiled nmethods': size=119168Kb used=670Kb max_used=670Kb free=118497Kb
 bounds [0x000001bec1090000, 0x000001bec1300000, 0x000001bec84f0000]
CodeHeap 'profiled nmethods': size=119104Kb used=3353Kb max_used=3353Kb free=115750Kb
 bounds [0x000001beb94f0000, 0x000001beb9840000, 0x000001bec0940000]
CodeHeap 'non-nmethods': size=7488Kb used=1182Kb max_used=2890Kb free=6305Kb
 bounds [0x000001bec0940000, 0x000001bec0c20000, 0x000001bec1090000]
 total_blobs=2142 nmethods=1661 adapters=394
 compilation: enabled
              stopped_count=0, restarted_count=0
 full_count=0

Compilation events (20 events):
Event: 15.088 Thread 0x000001becbe96e60 nmethod 1644 0x000001beb9834790 code [0x000001beb9834960, 0x000001beb9834c38]
Event: 15.089 Thread 0x000001becbe83610 1645       4       org.gradle.internal.logging.text.AbstractLineChoppingStyledTextOutput$StateContext::isCurrentCharEquals (70 bytes)
Event: 15.089 Thread 0x000001becbe96e60 1646       3       java.nio.charset.CoderResult::isUnderflow (13 bytes)
Event: 15.089 Thread 0x000001becbe96e60 nmethod 1646 0x000001beb9834d90 code [0x000001beb9834f20, 0x000001beb9835098]
Event: 15.089 Thread 0x000001becbe96e60 1651       3       java.nio.CharBuffer::position (8 bytes)
Event: 15.090 Thread 0x000001becbe96e60 nmethod 1651 0x000001beb9835110 code [0x000001beb98352a0, 0x000001beb98353e8]
Event: 15.090 Thread 0x000001becbe83610 nmethod 1645 0x000001bec1132890 code [0x000001bec1132a20, 0x000001bec1132b68]
Event: 15.090 Thread 0x000001becbe83610 1647       4       org.gradle.internal.logging.text.AbstractLineChoppingStyledTextOutput$StateContext::hasChar (25 bytes)
Event: 15.090 Thread 0x000001becbe96e60 1652       3       java.nio.CharBuffer::position (6 bytes)
Event: 15.090 Thread 0x000001becbe96e60 nmethod 1652 0x000001beb9835490 code [0x000001beb9835640, 0x000001beb98357e8]
Event: 15.090 Thread 0x000001becbe96e60 1653       3       java.nio.ByteBuffer::array (35 bytes)
Event: 15.090 Thread 0x000001bf12281150 1648       4       org.gradle.internal.logging.text.AbstractLineChoppingStyledTextOutput$1::execute (9 bytes)
Event: 15.090 Thread 0x000001becbe96e60 nmethod 1653 0x000001beb9835890 code [0x000001beb9835a60, 0x000001beb9835d38]
Event: 15.090 Thread 0x000001becbe83610 nmethod 1647 0x000001bec1132d10 code [0x000001bec1132e80, 0x000001bec1132f18]
Event: 15.090 Thread 0x000001becbe83610 1649       4       org.gradle.internal.logging.text.AbstractLineChoppingStyledTextOutput$1::execute (140 bytes)
Event: 15.093 Thread 0x000001becbe96e60 1654       3       jdk.internal.org.objectweb.asm.MethodWriter::visitCode (1 bytes)
Event: 15.093 Thread 0x000001becbe96e60 nmethod 1654 0x000001beb9835e90 code [0x000001beb9836020, 0x000001beb9836138]
Event: 15.093 Thread 0x000001becbe96e60 1655       3       java.util.ImmutableCollections$Set12::iterator (9 bytes)
Event: 15.093 Thread 0x000001becbe96e60 nmethod 1655 0x000001beb9836210 code [0x000001beb98363c0, 0x000001beb98366b8]
Event: 15.093 Thread 0x000001becbe96e60 1656       3       java.util.ImmutableCollections$Set12$1::<init> (32 bytes)

GC Heap History (2 events):
Event: 0.497 GC heap before
{Heap before GC invocations=0 (full 0):
 garbage-first heap   total 65536K, used 26624K [0x00000000fc000000, 0x0000000100000000)
  region size 1024K, 23 young (23552K), 0 survivors (0K)
 Metaspace       used 3695K, committed 3840K, reserved 1114112K
  class space    used 457K, committed 512K, reserved 1048576K
}
Event: 0.502 GC heap after
{Heap after GC invocations=1 (full 0):
 garbage-first heap   total 65536K, used 10860K [0x00000000fc000000, 0x0000000100000000)
  region size 1024K, 3 young (3072K), 3 survivors (3072K)
 Metaspace       used 3695K, committed 3840K, reserved 1114112K
  class space    used 457K, committed 512K, reserved 1048576K
}

Deoptimization events (20 events):
Event: 2.447 Thread 0x000001beb1c56700 Uncommon trap: trap_request=0xffffffc6 fr.pc=0x000001bec1113210 relative=0x0000000000001170
Event: 2.447 Thread 0x000001beb1c56700 Uncommon trap: reason=bimorphic_or_optimized_type_check action=maybe_recompile pc=0x000001bec1113210 method=java.util.HashMap.putVal(ILjava/lang/Object;Ljava/lang/Object;ZZ)Ljava/lang/Object; @ 203 c2
Event: 2.447 Thread 0x000001beb1c56700 DEOPT PACKING pc=0x000001bec1113210 sp=0x000000657f5f9a40
Event: 2.447 Thread 0x000001beb1c56700 DEOPT UNPACKING pc=0x000001bec09923a3 sp=0x000000657f5f99d0 mode 2
Event: 2.447 Thread 0x000001beb1c56700 Uncommon trap: trap_request=0xffffffc6 fr.pc=0x000001bec1113210 relative=0x0000000000001170
Event: 2.447 Thread 0x000001beb1c56700 Uncommon trap: reason=bimorphic_or_optimized_type_check action=maybe_recompile pc=0x000001bec1113210 method=java.util.HashMap.putVal(ILjava/lang/Object;Ljava/lang/Object;ZZ)Ljava/lang/Object; @ 203 c2
Event: 2.447 Thread 0x000001beb1c56700 DEOPT PACKING pc=0x000001bec1113210 sp=0x000000657f5f9a40
Event: 2.447 Thread 0x000001beb1c56700 DEOPT UNPACKING pc=0x000001bec09923a3 sp=0x000000657f5f99d0 mode 2
Event: 2.447 Thread 0x000001beb1c56700 Uncommon trap: trap_request=0xffffffc6 fr.pc=0x000001bec1113210 relative=0x0000000000001170
Event: 2.447 Thread 0x000001beb1c56700 Uncommon trap: reason=bimorphic_or_optimized_type_check action=maybe_recompile pc=0x000001bec1113210 method=java.util.HashMap.putVal(ILjava/lang/Object;Ljava/lang/Object;ZZ)Ljava/lang/Object; @ 203 c2
Event: 2.447 Thread 0x000001beb1c56700 DEOPT PACKING pc=0x000001bec1113210 sp=0x000000657f5f9a40
Event: 2.447 Thread 0x000001beb1c56700 DEOPT UNPACKING pc=0x000001bec09923a3 sp=0x000000657f5f99d0 mode 2
Event: 2.449 Thread 0x000001beb1c56700 Uncommon trap: trap_request=0xffffffc6 fr.pc=0x000001bec1113210 relative=0x0000000000001170
Event: 2.449 Thread 0x000001beb1c56700 Uncommon trap: reason=bimorphic_or_optimized_type_check action=maybe_recompile pc=0x000001bec1113210 method=java.util.HashMap.putVal(ILjava/lang/Object;Ljava/lang/Object;ZZ)Ljava/lang/Object; @ 203 c2
Event: 2.449 Thread 0x000001beb1c56700 DEOPT PACKING pc=0x000001bec1113210 sp=0x000000657f5f9a40
Event: 2.449 Thread 0x000001beb1c56700 DEOPT UNPACKING pc=0x000001bec09923a3 sp=0x000000657f5f99d0 mode 2
Event: 15.086 Thread 0x000001beb1c56700 Uncommon trap: trap_request=0xffffff45 fr.pc=0x000001bec111a174 relative=0x00000000000001d4
Event: 15.086 Thread 0x000001beb1c56700 Uncommon trap: reason=unstable_if action=reinterpret pc=0x000001bec111a174 method=java.net.URI$Parser.scan(IILjava/lang/String;)I @ 26 c2
Event: 15.086 Thread 0x000001beb1c56700 DEOPT PACKING pc=0x000001bec111a174 sp=0x000000657f5fc6e0
Event: 15.086 Thread 0x000001beb1c56700 DEOPT UNPACKING pc=0x000001bec09923a3 sp=0x000000657f5fc670 mode 2

Classes unloaded (0 events):
No events

Classes redefined (0 events):
No events

Internal exceptions (20 events):
Event: 0.491 Thread 0x000001beb1c56700 Exception <a 'java/lang/NoSuchMethodError'{0x00000000fe9c5268}: 'void java.lang.invoke.DelegatingMethodHandle$Holder.delegate(java.lang.Object, java.lang.Object, int, java.lang.Object)'> (0x00000000fe9c5268) 
thrown [s\open\src\hotspot\share\interpreter\linkResolver.cpp, line 759]
Event: 0.492 Thread 0x000001beb1c56700 Exception <a 'java/lang/NoSuchMethodError'{0x00000000fe9c93b0}: 'int java.lang.invoke.DirectMethodHandle$Holder.invokeSpecial(java.lang.Object, java.lang.Object, java.lang.Object)'> (0x00000000fe9c93b0) 
thrown [s\open\src\hotspot\share\interpreter\linkResolver.cpp, line 759]
Event: 0.494 Thread 0x000001beb1c56700 Exception <a 'java/lang/NoSuchMethodError'{0x00000000fe9dc4f8}: 'java.lang.Object java.lang.invoke.Invokers$Holder.invokeExact_MT(java.lang.Object, java.lang.Object, java.lang.Object, java.lang.Object)'> (0x00000000fe9dc4f8) 
thrown [s\open\src\hotspot\share\interpreter\linkResolver.cpp, line 759]
Event: 0.577 Thread 0x000001beb1c56700 Exception <a 'java/lang/NoSuchMethodError'{0x00000000ffcfdf78}: 'void java.lang.invoke.DirectMethodHandle$Holder.invokeSpecial(java.lang.Object, java.lang.Object, java.lang.Object)'> (0x00000000ffcfdf78) 
thrown [s\open\src\hotspot\share\interpreter\linkResolver.cpp, line 759]
Event: 0.587 Thread 0x000001beb1c56700 Implicit null exception at 0x000001bec10dc613 to 0x000001bec10dca4c
Event: 0.587 Thread 0x000001beb1c56700 Implicit null exception at 0x000001bec10cf291 to 0x000001bec10cf6bc
Event: 0.603 Thread 0x000001beb1c56700 Exception <a 'java/lang/NoSuchMethodError'{0x00000000ffaa1dc8}: 'java.lang.Object java.lang.invoke.DirectMethodHandle$Holder.invokeStaticInit(java.lang.Object)'> (0x00000000ffaa1dc8) 
thrown [s\open\src\hotspot\share\interpreter\linkResolver.cpp, line 759]
Event: 0.685 Thread 0x000001beb1c56700 Exception <a 'java/lang/NoSuchMethodError'{0x00000000ff50d230}: 'java.lang.Object java.lang.invoke.DirectMethodHandle$Holder.invokeStaticInit(java.lang.Object, int, int, int, int)'> (0x00000000ff50d230) 
thrown [s\open\src\hotspot\share\interpreter\linkResolver.cpp, line 759]
Event: 0.720 Thread 0x000001beb1c56700 Exception <a 'java/lang/NoSuchMethodError'{0x00000000ff550fd8}: 'java.lang.Object java.lang.invoke.DirectMethodHandle$Holder.invokeStaticInit(java.lang.Object, java.lang.Object, int, int, int, int)'> (0x00000000ff550fd8) 
thrown [s\open\src\hotspot\share\interpreter\linkResolver.cpp, line 759]
Event: 0.818 Thread 0x000001beb1c56700 Exception <a 'java/lang/NoSuchMethodError'{0x00000000ff40cc68}: 'void java.lang.invoke.DirectMethodHandle$Holder.invokeStatic(java.lang.Object, java.lang.Object, java.lang.Object)'> (0x00000000ff40cc68) 
thrown [s\open\src\hotspot\share\interpreter\linkResolver.cpp, line 759]
Event: 0.832 Thread 0x000001beb1c56700 Implicit null exception at 0x000001bec10c7df2 to 0x000001bec10c83c0
Event: 0.832 Thread 0x000001beb1c56700 Implicit null exception at 0x000001bec10ce072 to 0x000001bec10ce650
Event: 0.965 Thread 0x000001bf120cb010 Exception <a 'java/lang/NoSuchMethodError'{0x00000000feda8d90}: 'void java.lang.invoke.DirectMethodHandle$Holder.invokeStatic(java.lang.Object, long)'> (0x00000000feda8d90) 
thrown [s\open\src\hotspot\share\interpreter\linkResolver.cpp, line 759]
Event: 0.966 Thread 0x000001bf120cb010 Exception <a 'java/lang/NoSuchMethodError'{0x00000000fedae440}: 'java.lang.Object java.lang.invoke.DirectMethodHandle$Holder.newInvokeSpecial(java.lang.Object, long)'> (0x00000000fedae440) 
thrown [s\open\src\hotspot\share\interpreter\linkResolver.cpp, line 759]
Event: 0.968 Thread 0x000001bf120cb010 Exception <a 'java/lang/NoSuchMethodError'{0x00000000fedb8fe8}: 'java.lang.Object java.lang.invoke.DirectMethodHandle$Holder.invokeStaticInit(java.lang.Object, java.lang.Object, long, java.lang.Object)'> (0x00000000fedb8fe8) 
thrown [s\open\src\hotspot\share\interpreter\linkResolver.cpp, line 759]
Event: 0.969 Thread 0x000001bf120cb010 Exception <a 'java/lang/NoSuchMethodError'{0x00000000fedbf8e0}: 'java.lang.Object java.lang.invoke.DirectMethodHandle$Holder.newInvokeSpecial(java.lang.Object, java.lang.Object, long)'> (0x00000000fedbf8e0) 
thrown [s\open\src\hotspot\share\interpreter\linkResolver.cpp, line 759]
Event: 0.970 Thread 0x000001bf120cb010 Exception <a 'java/lang/NoSuchMethodError'{0x00000000fedc3bd0}: 'java.lang.Object java.lang.invoke.Invokers$Holder.linkToTargetMethod(java.lang.Object, long, java.lang.Object)'> (0x00000000fedc3bd0) 
thrown [s\open\src\hotspot\share\interpreter\linkResolver.cpp, line 759]
Event: 15.079 Thread 0x000001beb1c56700 Exception <a 'sun/net/ConnectionResetException'{0x00000000fea61c78}: Connection reset> (0x00000000fea61c78) 
thrown [s\open\src\hotspot\share\prims\jni.cpp, line 535]
Event: 15.084 Thread 0x000001beb1c56700 Exception <a 'java/lang/NoSuchMethodError'{0x00000000feaabbb0}: 'int java.lang.invoke.DirectMethodHandle$Holder.invokeVirtual(java.lang.Object, java.lang.Object)'> (0x00000000feaabbb0) 
thrown [s\open\src\hotspot\share\interpreter\linkResolver.cpp, line 759]
Event: 15.086 Thread 0x000001bf122881f0 Exception <a 'java/io/IOException'{0x00000000fea028d0}: Connection reset by peer> (0x00000000fea028d0) 
thrown [s\open\src\hotspot\share\prims\jni.cpp, line 535]

VM Operations (20 events):
Event: 0.839 Executing VM operation: HandshakeAllThreads
Event: 0.839 Executing VM operation: HandshakeAllThreads done
Event: 0.973 Executing VM operation: HandshakeAllThreads
Event: 0.973 Executing VM operation: HandshakeAllThreads done
Event: 0.979 Executing VM operation: HandshakeAllThreads
Event: 0.979 Executing VM operation: HandshakeAllThreads done
Event: 1.993 Executing VM operation: Cleanup
Event: 1.993 Executing VM operation: Cleanup done
Event: 2.445 Executing VM operation: HandshakeAllThreads
Event: 2.445 Executing VM operation: HandshakeAllThreads done
Event: 3.451 Executing VM operation: Cleanup
Event: 3.451 Executing VM operation: Cleanup done
Event: 4.466 Executing VM operation: Cleanup
Event: 4.466 Executing VM operation: Cleanup done
Event: 10.532 Executing VM operation: Cleanup
Event: 10.532 Executing VM operation: Cleanup done
Event: 15.091 Executing VM operation: HandshakeAllThreads
Event: 15.091 Executing VM operation: HandshakeAllThreads done
Event: 15.091 Executing VM operation: Cleanup
Event: 15.091 Executing VM operation: Cleanup done

Events (20 events):
Event: 15.054 loading class sun/util/logging/internal/LoggingProviderImpl$JULWrapper
Event: 15.054 loading class sun/util/logging/PlatformLogger$ConfigurableBridge$LoggerConfiguration
Event: 15.054 loading class sun/util/logging/PlatformLogger$ConfigurableBridge$LoggerConfiguration done
Event: 15.054 loading class sun/util/logging/internal/LoggingProviderImpl$JULWrapper done
Event: 15.055 loading class java/io/ObjectInputFilter
Event: 15.055 loading class java/io/ObjectInputFilter done
Event: 15.056 loading class java/io/ObjectInputFilter$Config$BuiltinFilterFactory
Event: 15.056 loading class java/io/ObjectInputFilter$Config$BuiltinFilterFactory done
Event: 15.056 loading class jdk/internal/access/JavaObjectInputFilterAccess
Event: 15.056 loading class jdk/internal/access/JavaObjectInputFilterAccess done
Event: 15.057 loading class java/lang/System$Logger$Level
Event: 15.057 loading class java/lang/System$Logger$Level done
Event: 15.057 loading class java/io/Bits
Event: 15.057 loading class java/io/Bits done
Event: 15.079 loading class sun/net/ConnectionResetException
Event: 15.079 loading class sun/net/ConnectionResetException done
Event: 15.086 Thread 0x000001bf122881f0 Thread exited: 0x000001bf122881f0
Event: 15.087 loading class java/util/concurrent/ConcurrentLinkedQueue$Itr
Event: 15.087 loading class java/util/concurrent/ConcurrentLinkedQueue$Itr done
Event: 15.090 Thread 0x000001bf12281150 Thread added: 0x000001bf12281150


Dynamic libraries:
0x00007ff629d10000 - 0x00007ff629d20000 	C:\Program Files\Java\jdk-17\bin\java.exe
0x00007ffb35850000 - 0x00007ffb35a67000 	C:\WINDOWS\SYSTEM32\ntdll.dll
0x00007ffb35020000 - 0x00007ffb350e4000 	C:\WINDOWS\System32\KERNEL32.DLL
0x00007ffb32bb0000 - 0x00007ffb32f56000 	C:\WINDOWS\System32\KERNELBASE.dll
0x00007ffb332b0000 - 0x00007ffb333c1000 	C:\WINDOWS\System32\ucrtbase.dll
0x00007ffb1e790000 - 0x00007ffb1e7a9000 	C:\Program Files\Java\jdk-17\bin\jli.dll
0x00007ffb351f0000 - 0x00007ffb352a1000 	C:\WINDOWS\System32\ADVAPI32.dll
0x00007ffb1e6b0000 - 0x00007ffb1e6cb000 	C:\Program Files\Java\jdk-17\bin\VCRUNTIME140.dll
0x00007ffb33720000 - 0x00007ffb337c7000 	C:\WINDOWS\System32\msvcrt.dll
0x00007ffb35140000 - 0x00007ffb351e5000 	C:\WINDOWS\System32\sechost.dll
0x00007ffb352b0000 - 0x00007ffb353c7000 	C:\WINDOWS\System32\RPCRT4.dll
0x00007ffb33bb0000 - 0x00007ffb33d5e000 	C:\WINDOWS\System32\USER32.dll
0x00007ffb33280000 - 0x00007ffb332a6000 	C:\WINDOWS\System32\win32u.dll
0x00007ffb35110000 - 0x00007ffb35139000 	C:\WINDOWS\System32\GDI32.dll
0x00007ffb2b900000 - 0x00007ffb2bb93000 	C:\WINDOWS\WinSxS\amd64_microsoft.windows.common-controls_6595b64144ccf1df_6.0.22621.2706_none_270c5aa17388e1a2\COMCTL32.dll
0x00007ffb33470000 - 0x00007ffb33588000 	C:\WINDOWS\System32\gdi32full.dll
0x00007ffb333d0000 - 0x00007ffb3346a000 	C:\WINDOWS\System32\msvcp_win.dll
0x00007ffb2c270000 - 0x00007ffb2c27a000 	C:\WINDOWS\SYSTEM32\VERSION.dll
0x00007ffb353d0000 - 0x00007ffb35401000 	C:\WINDOWS\System32\IMM32.DLL
0x00007ffb2e160000 - 0x00007ffb2e16c000 	C:\Program Files\Java\jdk-17\bin\vcruntime140_1.dll
0x00007ffb1c0a0000 - 0x00007ffb1c12e000 	C:\Program Files\Java\jdk-17\bin\msvcp140.dll
0x00007ffa9ee20000 - 0x00007ffa9fa01000 	C:\Program Files\Java\jdk-17\bin\server\jvm.dll
0x00007ffb35100000 - 0x00007ffb35108000 	C:\WINDOWS\System32\PSAPI.DLL
0x00007ffb27d20000 - 0x00007ffb27d54000 	C:\WINDOWS\SYSTEM32\WINMM.dll
0x00007ffb2fad0000 - 0x00007ffb2fad9000 	C:\WINDOWS\SYSTEM32\WSOCK32.dll
0x00007ffb34290000 - 0x00007ffb34301000 	C:\WINDOWS\System32\WS2_32.dll
0x00007ffb31bb0000 - 0x00007ffb31bc8000 	C:\WINDOWS\SYSTEM32\kernel.appcore.dll
0x00007ffb1e6a0000 - 0x00007ffb1e6aa000 	C:\Program Files\Java\jdk-17\bin\jimage.dll
0x00007ffb30520000 - 0x00007ffb30753000 	C:\WINDOWS\SYSTEM32\DBGHELP.DLL
0x00007ffb33820000 - 0x00007ffb33ba9000 	C:\WINDOWS\System32\combase.dll
0x00007ffb35410000 - 0x00007ffb354e7000 	C:\WINDOWS\System32\OLEAUT32.dll
0x00007ffb289e0000 - 0x00007ffb28a12000 	C:\WINDOWS\SYSTEM32\dbgcore.DLL
0x00007ffb33200000 - 0x00007ffb3327a000 	C:\WINDOWS\System32\bcryptPrimitives.dll
0x00007ffb1add0000 - 0x00007ffb1adf5000 	C:\Program Files\Java\jdk-17\bin\java.dll
0x00007ffad0160000 - 0x00007ffad0237000 	C:\Program Files\Java\jdk-17\bin\jsvml.dll
0x00007ffb34310000 - 0x00007ffb34b68000 	C:\WINDOWS\System32\SHELL32.dll
0x00007ffb30ad0000 - 0x00007ffb313c5000 	C:\WINDOWS\SYSTEM32\windows.storage.dll
0x00007ffb30990000 - 0x00007ffb30ace000 	C:\WINDOWS\SYSTEM32\wintypes.dll
0x00007ffb35690000 - 0x00007ffb35783000 	C:\WINDOWS\System32\SHCORE.dll
0x00007ffb33d70000 - 0x00007ffb33dce000 	C:\WINDOWS\System32\shlwapi.dll
0x00007ffb32ae0000 - 0x00007ffb32b06000 	C:\WINDOWS\SYSTEM32\profapi.dll
0x00007ffb1bed0000 - 0x00007ffb1bee9000 	C:\Program Files\Java\jdk-17\bin\net.dll
0x00007ffb2d110000 - 0x00007ffb2d247000 	C:\WINDOWS\SYSTEM32\WINHTTP.dll
0x00007ffb32030000 - 0x00007ffb32099000 	C:\WINDOWS\system32\mswsock.dll
0x00007ffafc7a0000 - 0x00007ffafc7b6000 	C:\Program Files\Java\jdk-17\bin\nio.dll
0x00007ffafc780000 - 0x00007ffafc798000 	C:\Program Files\Java\jdk-17\bin\zip.dll
0x00007ffb1e5d0000 - 0x00007ffb1e5e0000 	C:\Program Files\Java\jdk-17\bin\verify.dll
0x00007ffadafd0000 - 0x00007ffadaff7000 	C:\Users\Admin\.gradle\native\68d5fa5c4cc2d200863cafc0d521ce42e7d3e7ee720ec0a83991735586a16f82\windows-amd64\native-platform.dll
0x00007ffb1de80000 - 0x00007ffb1de8a000 	C:\Program Files\Java\jdk-17\bin\management.dll
0x00007ffb1adc0000 - 0x00007ffb1adcb000 	C:\Program Files\Java\jdk-17\bin\management_ext.dll
0x00007ffb32280000 - 0x00007ffb3229b000 	C:\WINDOWS\SYSTEM32\CRYPTSP.dll
0x00007ffb31b10000 - 0x00007ffb31b45000 	C:\WINDOWS\system32\rsaenh.dll
0x00007ffb32120000 - 0x00007ffb3214c000 	C:\WINDOWS\SYSTEM32\USERENV.dll
0x00007ffb324c0000 - 0x00007ffb324e8000 	C:\WINDOWS\SYSTEM32\bcrypt.dll
0x00007ffb322a0000 - 0x00007ffb322ac000 	C:\WINDOWS\SYSTEM32\CRYPTBASE.dll
0x00007ffb31620000 - 0x00007ffb3164d000 	C:\WINDOWS\SYSTEM32\IPHLPAPI.DLL
0x00007ffb33d60000 - 0x00007ffb33d69000 	C:\WINDOWS\System32\NSI.dll
0x00007ffb2ce50000 - 0x00007ffb2ce69000 	C:\WINDOWS\SYSTEM32\dhcpcsvc6.DLL
0x00007ffb2cda0000 - 0x00007ffb2cdbf000 	C:\WINDOWS\SYSTEM32\dhcpcsvc.DLL
0x00007ffb31650000 - 0x00007ffb31749000 	C:\WINDOWS\SYSTEM32\DNSAPI.dll
0x00007ffb0e870000 - 0x00007ffb0e87e000 	C:\Program Files\Java\jdk-17\bin\sunmscapi.dll
0x00007ffb33090000 - 0x00007ffb331f6000 	C:\WINDOWS\System32\CRYPT32.dll
0x00007ffb32490000 - 0x00007ffb324bd000 	C:\WINDOWS\SYSTEM32\ncrypt.dll
0x00007ffb32450000 - 0x00007ffb32487000 	C:\WINDOWS\SYSTEM32\NTASN1.dll
0x00007ffb25eb0000 - 0x00007ffb25eb8000 	C:\WINDOWS\system32\wshunix.dll

dbghelp: loaded successfully - version: 4.0.5 - missing functions: none
symbol engine: initialized successfully - sym options: 0x614 - pdb path: .;C:\Program Files\Java\jdk-17\bin;C:\WINDOWS\SYSTEM32;C:\WINDOWS\WinSxS\amd64_microsoft.windows.common-controls_6595b64144ccf1df_6.0.22621.2706_none_270c5aa17388e1a2;C:\Program Files\Java\jdk-17\bin\server;C:\Users\Admin\.gradle\native\68d5fa5c4cc2d200863cafc0d521ce42e7d3e7ee720ec0a83991735586a16f82\windows-amd64

VM Arguments:
jvm_args: -Xmx64m -Xms64m -Dorg.gradle.appname=gradlew 
java_command: org.gradle.wrapper.GradleWrapperMain app:installDebug -PreactNativeDevServerPort=8081
java_class_path (initial): C:\Users\Admin\Documents\ReactNative\React_Native_Project\android\\gradle\wrapper\gradle-wrapper.jar
Launcher Type: SUN_STANDARD

[Global flags]
     intx CICompilerCount                          = 12                                        {product} {ergonomic}
     uint ConcGCThreads                            = 3                                         {product} {ergonomic}
     uint G1ConcRefinementThreads                  = 13                                        {product} {ergonomic}
   size_t G1HeapRegionSize                         = 1048576                                   {product} {ergonomic}
    uintx GCDrainStackTargetSize                   = 64                                        {product} {ergonomic}
   size_t InitialHeapSize                          = 67108864                                  {product} {command line}
   size_t MarkStackSize                            = 4194304                                   {product} {ergonomic}
   size_t MaxHeapSize                              = 67108864                                  {product} {command line}
   size_t MaxNewSize                               = 39845888                                  {product} {ergonomic}
   size_t MinHeapDeltaBytes                        = 1048576                                   {product} {ergonomic}
   size_t MinHeapSize                              = 67108864                                  {product} {command line}
    uintx NonNMethodCodeHeapSize                   = 7602480                                {pd product} {ergonomic}
    uintx NonProfiledCodeHeapSize                  = 122027880                              {pd product} {ergonomic}
    uintx ProfiledCodeHeapSize                     = 122027880                              {pd product} {ergonomic}
    uintx ReservedCodeCacheSize                    = 251658240                              {pd product} {ergonomic}
     bool SegmentedCodeCache                       = true                                      {product} {ergonomic}
   size_t SoftMaxHeapSize                          = 67108864                               {manageable} {ergonomic}
     bool UseCompressedClassPointers               = true                           {product lp64_product} {ergonomic}
     bool UseCompressedOops                        = true                           {product lp64_product} {ergonomic}
     bool UseG1GC                                  = true                                      {product} {ergonomic}
     bool UseLargePagesIndividualAllocation        = false                                  {pd product} {ergonomic}

Logging:
Log output configuration:
 #0: stdout all=warning uptime,level,tags
 #1: stderr all=off uptime,level,tags

Environment Variables:
JAVA_HOME=C:\Program Files\Java\jdk-17
CLASSPATH=C:\Users\Admin\Documents\ReactNative\React_Native_Project\android\\gradle\wrapper\gradle-wrapper.jar
PATH=C:\Users\Admin\Documents\ReactNative\React_Native_Project\node_modules\.bin;C:\Users\Admin\Documents\ReactNative\React_Native_Project\node_modules\.bin;C:\Users\Admin\Documents\ReactNative\node_modules\.bin;C:\Users\Admin\Documents\node_modules\.bin;C:\Users\Admin\node_modules\.bin;C:\Users\node_modules\.bin;C:\node_modules\.bin;C:\Program Files\nodejs\node_modules\npm\node_modules\@npmcli\run-script\lib\node-gyp-bin;C:\Users\Admin\AppData\Local\Temp\yarn--1704197501007-0.7238447959761598;C:\Users\Admin\Documents\ReactNative\React_Native_Project\node_modules\.bin;C:\Users\Admin\AppData\Local\Yarn\Data\link\node_modules\.bin;C:\Users\Admin\AppData\Local\Yarn\bin;C:\Program Files\libexec\lib\node_modules\npm\bin\node-gyp-bin;C:\Program Files\lib\node_modules\npm\bin\node-gyp-bin;C:\Program Files\nodejs\node_modules\npm\bin\node-gyp-bin;C:\Program Files\Common Files\Oracle\Java\javapath;C:\Windows\system32;C:\Windows;C:\Windows\System32\Wbem;C:\Windows\System32\WindowsPowerShell\v1.0\;C:\Windows\System32\OpenSSH\;C:\Program Files (x86)\NVIDIA Corporation\PhysX\Common;C:\Program Files\NVIDIA Corporation\NVIDIA NvDLISR;C:\Program Files\nodejs\;C:\Program Files\Git\cmd;C:\Program Files\Microsoft SQL Server\150\Tools\Binn\;C:\Program Files\Microsoft SQL Server\Client SDK\ODBC\170\Tools\Binn\;C:\Program Files (x86)\Microsoft SQL Server\160\Tools\Binn\;C:\Program Files\Microsoft SQL Server\160\Tools\Binn\;C:\Program Files\Microsoft SQL Server\160\DTS\Binn\;C:\Program Files\dotnet\;C:\Program Files (x86)\Microsoft SQL Server\160\DTS\Binn\;C:\Program Files\Azure Data Studio\bin;C:\WINDOWS\system32;C:\WINDOWS;C:\WINDOWS\System32\Wbem;C:\WINDOWS\System32\WindowsPowerShell\v1.0\;C:\WINDOWS\System32\OpenSSH\;C:\Program Files\PuTTY\;C:\Program Files\Java\jdk-17\bin;C:\Users\Admin\AppData\Local\Programs\Python\Python311\Scripts\;C:\Users\Admin\AppData\Local\Programs\Python\Python311\;C:\Users\Admin\AppData\Local\Microsoft\WindowsApps;C:\Program Files\JetBrains\IntelliJ IDEA 2023.2
USERNAME=Admin
OS=Windows_NT
PROCESSOR_IDENTIFIER=AMD64 Family 23 Model 96 Stepping 1, AuthenticAMD



---------------  S Y S T E M  ---------------

OS:
 Windows 11 , 64 bit Build 22621 (10.0.22621.2841)
OS uptime: 1 days 5:58 hours

CPU: total 16 (initial active 16) (16 cores per cpu, 2 threads per core) family 23 model 96 stepping 1 microcode 0x0, cx8, cmov, fxsr, ht, mmx, 3dnowpref, sse, sse2, sse3, ssse3, sse4a, sse4.1, sse4.2, popcnt, lzcnt, tsc, tscinvbit, avx, avx2, aes, clmul, bmi1, bmi2, adx, sha, fma, vzeroupper, clflush, clflushopt

Memory: 4k page, system-wide physical 15791M (4590M free)
TotalPageFile size 44363M (AvailPageFile size 416M)
current process WorkingSet (physical memory assigned to process): 98M, peak: 98M
current process commit charge ("private bytes"): 179M, peak: 181M

vm_info: Java HotSpot(TM) 64-Bit Server VM (17.0.9+11-LTS-201) for windows-amd64 JRE (17.0.9+11-LTS-201), built on Oct 10 2023 23:16:06 by "mach5one" with MS VC++ 17.1 (VS2022)

END.
