#
# There is insufficient memory for the Java Runtime Environment to continue.
# Native memory allocation (malloc) failed to allocate 337376 bytes for Chunk::new
# Possible reasons:
#   The system is out of physical RAM or swap space
#   The process is running with CompressedOops enabled, and the Java Heap may be blocking the growth of the native heap
# Possible solutions:
#   Reduce memory load on the system
#   Increase physical memory or swap space
#   Check if swap backing store is full
#   Decrease Java heap size (-Xmx/-Xms)
#   Decrease number of Java threads
#   Decrease Java thread stack sizes (-Xss)
#   Set larger code cache with -XX:ReservedCodeCacheSize=
#   JVM is running with Unscaled Compressed Oops mode in which the Java heap is
#     placed in the first 4GB address space. The Java Heap base address is the
#     maximum limit for the native heap growth. Please use -XX:HeapBaseMinAddress
#     to set the Java Heap base and to place the Java Heap above 4GB virtual address.
# This output file may be truncated or incomplete.
#
#  Out of Memory Error (arena.cpp:189), pid=14808, tid=16844
#
# JRE version: Java(TM) SE Runtime Environment (17.0.9+11) (build 17.0.9+11-LTS-201)
# Java VM: Java HotSpot(TM) 64-Bit Server VM (17.0.9+11-LTS-201, mixed mode, sharing, tiered, compressed oops, compressed class ptrs, g1 gc, windows-amd64)
# No core dump will be written. Minidumps are not enabled by default on client versions of Windows
#

---------------  S U M M A R Y ------------

Command Line: -Xmx64m -Xms64m -Dorg.gradle.appname=gradlew org.gradle.wrapper.GradleWrapperMain app:installDebug -PreactNativeDevServerPort=8081

Host: AMD Ryzen 7 4800H with Radeon Graphics         , 16 cores, 15G,  Windows 11 , 64 bit Build 22621 (10.0.22621.2841)
Time: Sun Jan  7 01:41:03 2024 SE Asia Standard Time elapsed time: 20.111516 seconds (0d 0h 0m 20s)

---------------  T H R E A D  ---------------

Current thread (0x000001bd6bad9260):  JavaThread "C2 CompilerThread0" daemon [_thread_in_native, id=16844, stack(0x00000014ac900000,0x00000014aca00000)]


Current CompileTask:
C2:  20111 1611       4       org.gradle.internal.logging.text.AbstractLineChoppingStyledTextOutput::doAppend (43 bytes)

Stack: [0x00000014ac900000,0x00000014aca00000]
Native frames: (J=compiled Java code, j=interpreted, Vv=VM code, C=native code)
V  [jvm.dll+0x678a4a]
V  [jvm.dll+0x7d9cfd]
V  [jvm.dll+0x7db60e]
V  [jvm.dll+0x7dbc73]
V  [jvm.dll+0x245e1f]
V  [jvm.dll+0xaaafb]
V  [jvm.dll+0xab09c]
V  [jvm.dll+0x2ab7ef]
V  [jvm.dll+0x5812e5]
V  [jvm.dll+0x220c52]
V  [jvm.dll+0x219850]
V  [jvm.dll+0x217459]
V  [jvm.dll+0x1a3bc0]
V  [jvm.dll+0x2272de]
V  [jvm.dll+0x22548b]
V  [jvm.dll+0x78f58c]
V  [jvm.dll+0x78998a]
V  [jvm.dll+0x677875]
C  [ucrtbase.dll+0x29363]
C  [KERNEL32.DLL+0x1257d]
C  [ntdll.dll+0x5aa58]


---------------  P R O C E S S  ---------------

Threads class SMR info:
_java_thread_list=0x000001bd70ba6320, length=18, elements={
0x000001bd518b7cc0, 0x000001bd5197b2f0, 0x000001bd5197c080, 0x000001bd6bad1b10,
0x000001bd6bad6400, 0x000001bd6bad6cd0, 0x000001bd6bad75a0, 0x000001bd6bad9260,
0x000001bd6bae6990, 0x000001bd6bae92b0, 0x000001bd7007e950, 0x000001bd70087cb0,
0x000001bd702222b0, 0x000001bd712a2410, 0x000001bd70d24b30, 0x000001bd70b60390,
0x000001bd70b639d0, 0x000001bd70ba6c20
}

Java Threads: ( => current thread )
  0x000001bd518b7cc0 JavaThread "main" [_thread_in_native, id=15144, stack(0x00000014abc00000,0x00000014abd00000)]
  0x000001bd5197b2f0 JavaThread "Reference Handler" daemon [_thread_blocked, id=15516, stack(0x00000014ac300000,0x00000014ac400000)]
  0x000001bd5197c080 JavaThread "Finalizer" daemon [_thread_blocked, id=5716, stack(0x00000014ac400000,0x00000014ac500000)]
  0x000001bd6bad1b10 JavaThread "Signal Dispatcher" daemon [_thread_blocked, id=1780, stack(0x00000014ac500000,0x00000014ac600000)]
  0x000001bd6bad6400 JavaThread "Attach Listener" daemon [_thread_blocked, id=11760, stack(0x00000014ac600000,0x00000014ac700000)]
  0x000001bd6bad6cd0 JavaThread "Service Thread" daemon [_thread_blocked, id=7072, stack(0x00000014ac700000,0x00000014ac800000)]
  0x000001bd6bad75a0 JavaThread "Monitor Deflation Thread" daemon [_thread_blocked, id=12624, stack(0x00000014ac800000,0x00000014ac900000)]
=>0x000001bd6bad9260 JavaThread "C2 CompilerThread0" daemon [_thread_in_native, id=16844, stack(0x00000014ac900000,0x00000014aca00000)]
  0x000001bd6bae6990 JavaThread "C1 CompilerThread0" daemon [_thread_blocked, id=23644, stack(0x00000014aca00000,0x00000014acb00000)]
  0x000001bd6bae92b0 JavaThread "Sweeper thread" daemon [_thread_blocked, id=5616, stack(0x00000014acb00000,0x00000014acc00000)]
  0x000001bd7007e950 JavaThread "Notification Thread" daemon [_thread_blocked, id=19656, stack(0x00000014acd00000,0x00000014ace00000)]
  0x000001bd70087cb0 JavaThread "Common-Cleaner" daemon [_thread_blocked, id=10580, stack(0x00000014acf00000,0x00000014ad000000)]
  0x000001bd702222b0 JavaThread "pool-1-thread-1" [_thread_blocked, id=13968, stack(0x00000014ad900000,0x00000014ada00000)]
  0x000001bd712a2410 JavaThread "DisconnectableInputStream source reader" daemon [_thread_in_native, id=19732, stack(0x00000014adb00000,0x00000014adc00000)]
  0x000001bd70d24b30 JavaThread "Forward input" [_thread_blocked, id=19604, stack(0x00000014adc00000,0x00000014add00000)]
  0x000001bd70b60390 JavaThread "C1 CompilerThread1" daemon [_thread_blocked, id=12820, stack(0x00000014acc00000,0x00000014acd00000)]
  0x000001bd70b639d0 JavaThread "C1 CompilerThread2" daemon [_thread_blocked, id=22056, stack(0x00000014ad000000,0x00000014ad100000)]
  0x000001bd70ba6c20 JavaThread "C1 CompilerThread3" daemon [_thread_blocked, id=21260, stack(0x00000014ad100000,0x00000014ad200000)]

Other Threads:
  0x000001bd519757d0 VMThread "VM Thread" [stack: 0x00000014ac200000,0x00000014ac300000] [id=16392]
  0x000001bd70082160 WatcherThread [stack: 0x00000014ace00000,0x00000014acf00000] [id=17876]
  0x000001bd518da1f0 GCTaskThread "GC Thread#0" [stack: 0x00000014abd00000,0x00000014abe00000] [id=10056]
  0x000001bd702b1af0 GCTaskThread "GC Thread#1" [stack: 0x00000014ad400000,0x00000014ad500000] [id=18076]
  0x000001bd7119bce0 GCTaskThread "GC Thread#2" [stack: 0x00000014ad500000,0x00000014ad600000] [id=23512]
  0x000001bd70f13250 GCTaskThread "GC Thread#3" [stack: 0x00000014ad600000,0x00000014ad700000] [id=17560]
  0x000001bd70bd5120 GCTaskThread "GC Thread#4" [stack: 0x00000014ad700000,0x00000014ad800000] [id=16872]
  0x000001bd70c9cc10 GCTaskThread "GC Thread#5" [stack: 0x00000014ad800000,0x00000014ad900000] [id=3576]
  0x000001bd518db850 ConcurrentGCThread "G1 Main Marker" [stack: 0x00000014abe00000,0x00000014abf00000] [id=18348]
  0x000001bd518dc170 ConcurrentGCThread "G1 Conc#0" [stack: 0x00000014abf00000,0x00000014ac000000] [id=23388]
  0x000001bd51956580 ConcurrentGCThread "G1 Refine#0" [stack: 0x00000014ac000000,0x00000014ac100000] [id=2400]
  0x000001bd51956ec0 ConcurrentGCThread "G1 Service" [stack: 0x00000014ac100000,0x00000014ac200000] [id=5048]

Threads with active compile tasks:
C2 CompilerThread0    20126 1611       4       org.gradle.internal.logging.text.AbstractLineChoppingStyledTextOutput::doAppend (43 bytes)

VM state: not at safepoint (normal execution)

VM Mutex/Monitor currently owned by a thread: None

Heap address: 0x00000000fc000000, size: 64 MB, Compressed Oops mode: 32-bit

CDS archive(s) mapped at: [0x000001bd00000000-0x000001bd00bd0000-0x000001bd00bd0000), size 12386304, SharedBaseAddress: 0x000001bd00000000, ArchiveRelocationMode: 1.
Compressed class space mapped at: 0x000001bd01000000-0x000001bd41000000, reserved size: 1073741824
Narrow klass base: 0x000001bd00000000, Narrow klass shift: 0, Narrow klass range: 0x100000000

GC Precious Log:
 CPUs: 16 total, 16 available
 Memory: 15791M
 Large Page Support: Disabled
 NUMA Support: Disabled
 Compressed Oops: Enabled (32-bit)
 Heap Region Size: 1M
 Heap Min Capacity: 64M
 Heap Initial Capacity: 64M
 Heap Max Capacity: 64M
 Pre-touch: Disabled
 Parallel Workers: 13
 Concurrent Workers: 3
 Concurrent Refinement Workers: 13
 Periodic GC: Disabled

Heap:
 garbage-first heap   total 65536K, used 24680K [0x00000000fc000000, 0x0000000100000000)
  region size 1024K, 18 young (18432K), 3 survivors (3072K)
 Metaspace       used 8514K, committed 8704K, reserved 1114112K
  class space    used 1122K, committed 1216K, reserved 1048576K

Heap Regions: E=young(eden), S=young(survivor), O=old, HS=humongous(starts), HC=humongous(continues), CS=collection set, F=free, OA=open archive, CA=closed archive, TAMS=top-at-mark-start (previous, next)
|   0|0x00000000fc000000, 0x00000000fc100000, 0x00000000fc100000|100%|HS|  |TAMS 0x00000000fc000000, 0x00000000fc000000| Complete 
|   1|0x00000000fc100000, 0x00000000fc200000, 0x00000000fc200000|100%|HC|  |TAMS 0x00000000fc100000, 0x00000000fc100000| Complete 
|   2|0x00000000fc200000, 0x00000000fc300000, 0x00000000fc300000|100%|HC|  |TAMS 0x00000000fc200000, 0x00000000fc200000| Complete 
|   3|0x00000000fc300000, 0x00000000fc400000, 0x00000000fc400000|100%|HC|  |TAMS 0x00000000fc300000, 0x00000000fc300000| Complete 
|   4|0x00000000fc400000, 0x00000000fc500000, 0x00000000fc500000|100%| O|  |TAMS 0x00000000fc400000, 0x00000000fc400000| Untracked 
|   5|0x00000000fc500000, 0x00000000fc600000, 0x00000000fc600000|100%| O|  |TAMS 0x00000000fc500000, 0x00000000fc500000| Untracked 
|   6|0x00000000fc600000, 0x00000000fc700000, 0x00000000fc700000|100%| O|  |TAMS 0x00000000fc600000, 0x00000000fc600000| Untracked 
|   7|0x00000000fc700000, 0x00000000fc71a000, 0x00000000fc800000| 10%| O|  |TAMS 0x00000000fc700000, 0x00000000fc700000| Untracked 
|   8|0x00000000fc800000, 0x00000000fc800000, 0x00000000fc900000|  0%| F|  |TAMS 0x00000000fc800000, 0x00000000fc800000| Untracked 
|   9|0x00000000fc900000, 0x00000000fc900000, 0x00000000fca00000|  0%| F|  |TAMS 0x00000000fc900000, 0x00000000fc900000| Untracked 
|  10|0x00000000fca00000, 0x00000000fca00000, 0x00000000fcb00000|  0%| F|  |TAMS 0x00000000fca00000, 0x00000000fca00000| Untracked 
|  11|0x00000000fcb00000, 0x00000000fcb00000, 0x00000000fcc00000|  0%| F|  |TAMS 0x00000000fcb00000, 0x00000000fcb00000| Untracked 
|  12|0x00000000fcc00000, 0x00000000fcc00000, 0x00000000fcd00000|  0%| F|  |TAMS 0x00000000fcc00000, 0x00000000fcc00000| Untracked 
|  13|0x00000000fcd00000, 0x00000000fcd00000, 0x00000000fce00000|  0%| F|  |TAMS 0x00000000fcd00000, 0x00000000fcd00000| Untracked 
|  14|0x00000000fce00000, 0x00000000fce00000, 0x00000000fcf00000|  0%| F|  |TAMS 0x00000000fce00000, 0x00000000fce00000| Untracked 
|  15|0x00000000fcf00000, 0x00000000fcf00000, 0x00000000fd000000|  0%| F|  |TAMS 0x00000000fcf00000, 0x00000000fcf00000| Untracked 
|  16|0x00000000fd000000, 0x00000000fd000000, 0x00000000fd100000|  0%| F|  |TAMS 0x00000000fd000000, 0x00000000fd000000| Untracked 
|  17|0x00000000fd100000, 0x00000000fd100000, 0x00000000fd200000|  0%| F|  |TAMS 0x00000000fd100000, 0x00000000fd100000| Untracked 
|  18|0x00000000fd200000, 0x00000000fd200000, 0x00000000fd300000|  0%| F|  |TAMS 0x00000000fd200000, 0x00000000fd200000| Untracked 
|  19|0x00000000fd300000, 0x00000000fd300000, 0x00000000fd400000|  0%| F|  |TAMS 0x00000000fd300000, 0x00000000fd300000| Untracked 
|  20|0x00000000fd400000, 0x00000000fd400000, 0x00000000fd500000|  0%| F|  |TAMS 0x00000000fd400000, 0x00000000fd400000| Untracked 
|  21|0x00000000fd500000, 0x00000000fd500000, 0x00000000fd600000|  0%| F|  |TAMS 0x00000000fd500000, 0x00000000fd500000| Untracked 
|  22|0x00000000fd600000, 0x00000000fd600000, 0x00000000fd700000|  0%| F|  |TAMS 0x00000000fd600000, 0x00000000fd600000| Untracked 
|  23|0x00000000fd700000, 0x00000000fd700000, 0x00000000fd800000|  0%| F|  |TAMS 0x00000000fd700000, 0x00000000fd700000| Untracked 
|  24|0x00000000fd800000, 0x00000000fd800000, 0x00000000fd900000|  0%| F|  |TAMS 0x00000000fd800000, 0x00000000fd800000| Untracked 
|  25|0x00000000fd900000, 0x00000000fd900000, 0x00000000fda00000|  0%| F|  |TAMS 0x00000000fd900000, 0x00000000fd900000| Untracked 
|  26|0x00000000fda00000, 0x00000000fda00000, 0x00000000fdb00000|  0%| F|  |TAMS 0x00000000fda00000, 0x00000000fda00000| Untracked 
|  27|0x00000000fdb00000, 0x00000000fdb00000, 0x00000000fdc00000|  0%| F|  |TAMS 0x00000000fdb00000, 0x00000000fdb00000| Untracked 
|  28|0x00000000fdc00000, 0x00000000fdc00000, 0x00000000fdd00000|  0%| F|  |TAMS 0x00000000fdc00000, 0x00000000fdc00000| Untracked 
|  29|0x00000000fdd00000, 0x00000000fdd00000, 0x00000000fde00000|  0%| F|  |TAMS 0x00000000fdd00000, 0x00000000fdd00000| Untracked 
|  30|0x00000000fde00000, 0x00000000fde00000, 0x00000000fdf00000|  0%| F|  |TAMS 0x00000000fde00000, 0x00000000fde00000| Untracked 
|  31|0x00000000fdf00000, 0x00000000fdf00000, 0x00000000fe000000|  0%| F|  |TAMS 0x00000000fdf00000, 0x00000000fdf00000| Untracked 
|  32|0x00000000fe000000, 0x00000000fe000000, 0x00000000fe100000|  0%| F|  |TAMS 0x00000000fe000000, 0x00000000fe000000| Untracked 
|  33|0x00000000fe100000, 0x00000000fe100000, 0x00000000fe200000|  0%| F|  |TAMS 0x00000000fe100000, 0x00000000fe100000| Untracked 
|  34|0x00000000fe200000, 0x00000000fe200000, 0x00000000fe300000|  0%| F|  |TAMS 0x00000000fe200000, 0x00000000fe200000| Untracked 
|  35|0x00000000fe300000, 0x00000000fe300000, 0x00000000fe400000|  0%| F|  |TAMS 0x00000000fe300000, 0x00000000fe300000| Untracked 
|  36|0x00000000fe400000, 0x00000000fe400000, 0x00000000fe500000|  0%| F|  |TAMS 0x00000000fe400000, 0x00000000fe400000| Untracked 
|  37|0x00000000fe500000, 0x00000000fe500000, 0x00000000fe600000|  0%| F|  |TAMS 0x00000000fe500000, 0x00000000fe500000| Untracked 
|  38|0x00000000fe600000, 0x00000000fe700000, 0x00000000fe700000|100%| S|CS|TAMS 0x00000000fe600000, 0x00000000fe600000| Complete 
|  39|0x00000000fe700000, 0x00000000fe800000, 0x00000000fe800000|100%| S|CS|TAMS 0x00000000fe700000, 0x00000000fe700000| Complete 
|  40|0x00000000fe800000, 0x00000000fe900000, 0x00000000fe900000|100%| S|CS|TAMS 0x00000000fe800000, 0x00000000fe800000| Complete 
|  41|0x00000000fe900000, 0x00000000fe900000, 0x00000000fea00000|  0%| F|  |TAMS 0x00000000fe900000, 0x00000000fe900000| Untracked 
|  42|0x00000000fea00000, 0x00000000fea00000, 0x00000000feb00000|  0%| F|  |TAMS 0x00000000fea00000, 0x00000000fea00000| Untracked 
|  43|0x00000000feb00000, 0x00000000feb00000, 0x00000000fec00000|  0%| F|  |TAMS 0x00000000feb00000, 0x00000000feb00000| Untracked 
|  44|0x00000000fec00000, 0x00000000fec00000, 0x00000000fed00000|  0%| F|  |TAMS 0x00000000fec00000, 0x00000000fec00000| Untracked 
|  45|0x00000000fed00000, 0x00000000fed00000, 0x00000000fee00000|  0%| F|  |TAMS 0x00000000fed00000, 0x00000000fed00000| Untracked 
|  46|0x00000000fee00000, 0x00000000fee00000, 0x00000000fef00000|  0%| F|  |TAMS 0x00000000fee00000, 0x00000000fee00000| Untracked 
|  47|0x00000000fef00000, 0x00000000fef00000, 0x00000000ff000000|  0%| F|  |TAMS 0x00000000fef00000, 0x00000000fef00000| Untracked 
|  48|0x00000000ff000000, 0x00000000ff000000, 0x00000000ff100000|  0%| F|  |TAMS 0x00000000ff000000, 0x00000000ff000000| Untracked 
|  49|0x00000000ff100000, 0x00000000ff1a97c0, 0x00000000ff200000| 66%| E|  |TAMS 0x00000000ff100000, 0x00000000ff100000| Complete 
|  50|0x00000000ff200000, 0x00000000ff300000, 0x00000000ff300000|100%| E|CS|TAMS 0x00000000ff200000, 0x00000000ff200000| Complete 
|  51|0x00000000ff300000, 0x00000000ff400000, 0x00000000ff400000|100%| E|CS|TAMS 0x00000000ff300000, 0x00000000ff300000| Complete 
|  52|0x00000000ff400000, 0x00000000ff500000, 0x00000000ff500000|100%| E|CS|TAMS 0x00000000ff400000, 0x00000000ff400000| Complete 
|  53|0x00000000ff500000, 0x00000000ff600000, 0x00000000ff600000|100%| E|CS|TAMS 0x00000000ff500000, 0x00000000ff500000| Complete 
|  54|0x00000000ff600000, 0x00000000ff700000, 0x00000000ff700000|100%| E|CS|TAMS 0x00000000ff600000, 0x00000000ff600000| Complete 
|  55|0x00000000ff700000, 0x00000000ff800000, 0x00000000ff800000|100%| E|CS|TAMS 0x00000000ff700000, 0x00000000ff700000| Complete 
|  56|0x00000000ff800000, 0x00000000ff900000, 0x00000000ff900000|100%| E|CS|TAMS 0x00000000ff800000, 0x00000000ff800000| Complete 
|  57|0x00000000ff900000, 0x00000000ffa00000, 0x00000000ffa00000|100%| E|CS|TAMS 0x00000000ff900000, 0x00000000ff900000| Complete 
|  58|0x00000000ffa00000, 0x00000000ffb00000, 0x00000000ffb00000|100%| E|CS|TAMS 0x00000000ffa00000, 0x00000000ffa00000| Complete 
|  59|0x00000000ffb00000, 0x00000000ffc00000, 0x00000000ffc00000|100%| E|CS|TAMS 0x00000000ffb00000, 0x00000000ffb00000| Complete 
|  60|0x00000000ffc00000, 0x00000000ffd00000, 0x00000000ffd00000|100%| E|CS|TAMS 0x00000000ffc00000, 0x00000000ffc00000| Complete 
|  61|0x00000000ffd00000, 0x00000000ffe00000, 0x00000000ffe00000|100%| E|CS|TAMS 0x00000000ffd00000, 0x00000000ffd00000| Complete 
|  62|0x00000000ffe00000, 0x00000000fff00000, 0x00000000fff00000|100%| E|CS|TAMS 0x00000000ffe00000, 0x00000000ffe00000| Complete 
|  63|0x00000000fff00000, 0x0000000100000000, 0x0000000100000000|100%| E|CS|TAMS 0x00000000fff00000, 0x00000000fff00000| Complete 

Card table byte_map: [0x000001bd4f840000,0x000001bd4f860000] _byte_map_base: 0x000001bd4f060000

Marking Bits (Prev, Next): (CMBitMap*) 0x000001bd518da720, (CMBitMap*) 0x000001bd518da760
 Prev Bits: [0x000001bd689d0000, 0x000001bd68ad0000)
 Next Bits: [0x000001bd68ad0000, 0x000001bd68bd0000)

Polling page: 0x000001bd4f7f0000

Metaspace:

Usage:
  Non-class:      7.22 MB used.
      Class:      1.10 MB used.
       Both:      8.31 MB used.

Virtual space:
  Non-class space:       64.00 MB reserved,       7.31 MB ( 11%) committed,  1 nodes.
      Class space:        1.00 GB reserved,       1.19 MB ( <1%) committed,  1 nodes.
             Both:        1.06 GB reserved,       8.50 MB ( <1%) committed. 

Chunk freelists:
   Non-Class:  8.45 MB
       Class:  14.69 MB
        Both:  23.15 MB

MaxMetaspaceSize: unlimited
CompressedClassSpaceSize: 1.00 GB
Initial GC threshold: 21.00 MB
Current GC threshold: 21.00 MB
CDS: on
MetaspaceReclaimPolicy: balanced
 - commit_granule_bytes: 65536.
 - commit_granule_words: 8192.
 - virtual_space_node_default_size: 8388608.
 - enlarge_chunks_in_place: 1.
 - new_chunks_are_fully_committed: 0.
 - uncommit_free_chunks: 1.
 - use_allocation_guard: 0.
 - handle_deallocations: 1.


Internal statistics:

num_allocs_failed_limit: 0.
num_arena_births: 78.
num_arena_deaths: 0.
num_vsnodes_births: 2.
num_vsnodes_deaths: 0.
num_space_committed: 136.
num_space_uncommitted: 0.
num_chunks_returned_to_freelist: 0.
num_chunks_taken_from_freelist: 295.
num_chunk_merges: 0.
num_chunk_splits: 195.
num_chunks_enlarged: 164.
num_inconsistent_stats: 0.

CodeHeap 'non-profiled nmethods': size=119168Kb used=590Kb max_used=590Kb free=118577Kb
 bounds [0x000001bd60cf0000, 0x000001bd60f60000, 0x000001bd68150000]
CodeHeap 'profiled nmethods': size=119104Kb used=3107Kb max_used=3107Kb free=115996Kb
 bounds [0x000001bd59150000, 0x000001bd59460000, 0x000001bd605a0000]
CodeHeap 'non-nmethods': size=7488Kb used=2854Kb max_used=2876Kb free=4633Kb
 bounds [0x000001bd605a0000, 0x000001bd60880000, 0x000001bd60cf0000]
 total_blobs=2071 nmethods=1610 adapters=371
 compilation: enabled
              stopped_count=0, restarted_count=0
 full_count=0

Compilation events (20 events):
Event: 20.091 Thread 0x000001bd70b639d0 1602       3       org.gradle.internal.logging.text.AbstractLineChoppingStyledTextOutput$3::execute (73 bytes)
Event: 20.091 Thread 0x000001bd70b60390 1604       3       org.gradle.internal.logging.text.AbstractLineChoppingStyledTextOutput$4::execute (9 bytes)
Event: 20.091 Thread 0x000001bd6bae6990 nmethod 1601 0x000001bd59451290 code [0x000001bd59451440, 0x000001bd59451688]
Event: 20.091 Thread 0x000001bd6bae6990 1605       3       org.gradle.internal.logging.text.AbstractLineChoppingStyledTextOutput$4::execute (12 bytes)
Event: 20.091 Thread 0x000001bd70b60390 nmethod 1604 0x000001bd59451790 code [0x000001bd59451960, 0x000001bd59451ed8]
Event: 20.091 Thread 0x000001bd70b60390 1606       3       org.gradle.internal.logging.text.AbstractLineChoppingStyledTextOutput$StateContext::flushStartLine (8 bytes)
Event: 20.091 Thread 0x000001bd70b60390 nmethod 1606 0x000001bd59452110 code [0x000001bd594522a0, 0x000001bd59452498]
Event: 20.091 Thread 0x000001bd6bae6990 nmethod 1605 0x000001bd59452590 code [0x000001bd59452760, 0x000001bd59452b38]
Event: 20.091 Thread 0x000001bd70b60390 1607       3       org.gradle.internal.logging.text.AbstractLineChoppingStyledTextOutput::doStartLine (1 bytes)
Event: 20.091 Thread 0x000001bd6bae6990 1608       3       org.gradle.internal.logging.text.AbstractLineChoppingStyledTextOutput$SeenFromEol::add (18 bytes)
Event: 20.091 Thread 0x000001bd70b60390 nmethod 1607 0x000001bd59452d10 code [0x000001bd59452ea0, 0x000001bd59452fb8]
Event: 20.091 Thread 0x000001bd6bae6990 nmethod 1608 0x000001bd59453090 code [0x000001bd59453220, 0x000001bd59453358]
Event: 20.091 Thread 0x000001bd70b60390 1609       3       org.gradle.internal.logging.format.PrettyPrefixedLogHeaderFormatter::status (42 bytes)
Event: 20.091 Thread 0x000001bd70b639d0 nmethod 1602 0x000001bd59453410 code [0x000001bd594536c0, 0x000001bd59454338]
Event: 20.092 Thread 0x000001bd70b60390 nmethod 1609 0x000001bd59454890 code [0x000001bd59454ac0, 0x000001bd59455268]
Event: 20.092 Thread 0x000001bd70ba6c20 nmethod 1597 0x000001bd59455510 code [0x000001bd59455980, 0x000001bd594584c8]
Event: 20.095 Thread 0x000001bd6bad9260 nmethod 1603 0x000001bd60d82710 code [0x000001bd60d828c0, 0x000001bd60d82f58]
Event: 20.095 Thread 0x000001bd6bad9260 1610       4       java.lang.StringCoding::implEncodeAsciiArray (47 bytes)
Event: 20.098 Thread 0x000001bd6bad9260 nmethod 1610 0x000001bd60d83390 code [0x000001bd60d83500, 0x000001bd60d838d8]
Event: 20.099 Thread 0x000001bd6bad9260 1611       4       org.gradle.internal.logging.text.AbstractLineChoppingStyledTextOutput::doAppend (43 bytes)

GC Heap History (2 events):
Event: 0.570 GC heap before
{Heap before GC invocations=0 (full 0):
 garbage-first heap   total 65536K, used 26624K [0x00000000fc000000, 0x0000000100000000)
  region size 1024K, 23 young (23552K), 0 survivors (0K)
 Metaspace       used 3898K, committed 4032K, reserved 1114112K
  class space    used 498K, committed 576K, reserved 1048576K
}
Event: 0.577 GC heap after
{Heap after GC invocations=1 (full 0):
 garbage-first heap   total 65536K, used 10344K [0x00000000fc000000, 0x0000000100000000)
  region size 1024K, 3 young (3072K), 3 survivors (3072K)
 Metaspace       used 3898K, committed 4032K, reserved 1114112K
  class space    used 498K, committed 576K, reserved 1048576K
}

Deoptimization events (20 events):
Event: 0.811 Thread 0x000001bd518b7cc0 Uncommon trap: trap_request=0xffffffc6 fr.pc=0x000001bd60d571c4 relative=0x0000000000000564
Event: 0.811 Thread 0x000001bd518b7cc0 Uncommon trap: reason=bimorphic_or_optimized_type_check action=maybe_recompile pc=0x000001bd60d571c4 method=java.util.concurrent.ConcurrentHashMap.get(Ljava/lang/Object;)Ljava/lang/Object; @ 149 c2
Event: 0.811 Thread 0x000001bd518b7cc0 DEOPT PACKING pc=0x000001bd60d571c4 sp=0x00000014abcfba50
Event: 0.811 Thread 0x000001bd518b7cc0 DEOPT UNPACKING pc=0x000001bd605f23a3 sp=0x00000014abcfb9f0 mode 2
Event: 0.848 Thread 0x000001bd518b7cc0 Uncommon trap: trap_request=0xffffff45 fr.pc=0x000001bd60d497d0 relative=0x0000000000001b10
Event: 0.848 Thread 0x000001bd518b7cc0 Uncommon trap: reason=unstable_if action=reinterpret pc=0x000001bd60d497d0 method=java.io.WinNTFileSystem.normalize(Ljava/lang/String;)Ljava/lang/String; @ 128 c2
Event: 0.848 Thread 0x000001bd518b7cc0 DEOPT PACKING pc=0x000001bd60d497d0 sp=0x00000014abcfba60
Event: 0.848 Thread 0x000001bd518b7cc0 DEOPT UNPACKING pc=0x000001bd605f23a3 sp=0x00000014abcfba48 mode 2
Event: 1.006 Thread 0x000001bd518b7cc0 Uncommon trap: trap_request=0xffffff45 fr.pc=0x000001bd60d28258 relative=0x0000000000000618
Event: 1.006 Thread 0x000001bd518b7cc0 Uncommon trap: reason=unstable_if action=reinterpret pc=0x000001bd60d28258 method=java.lang.AbstractStringBuilder.append(Ljava/lang/String;)Ljava/lang/AbstractStringBuilder; @ 1 c2
Event: 1.006 Thread 0x000001bd518b7cc0 DEOPT PACKING pc=0x000001bd60d28258 sp=0x00000014abcfc790
Event: 1.006 Thread 0x000001bd518b7cc0 DEOPT UNPACKING pc=0x000001bd605f23a3 sp=0x00000014abcfc710 mode 2
Event: 1.007 Thread 0x000001bd518b7cc0 Uncommon trap: trap_request=0xffffff45 fr.pc=0x000001bd60d2e5e8 relative=0x0000000000000628
Event: 1.007 Thread 0x000001bd518b7cc0 Uncommon trap: reason=unstable_if action=reinterpret pc=0x000001bd60d2e5e8 method=java.lang.AbstractStringBuilder.append(Ljava/lang/String;)Ljava/lang/AbstractStringBuilder; @ 1 c2
Event: 1.007 Thread 0x000001bd518b7cc0 DEOPT PACKING pc=0x000001bd60d2e5e8 sp=0x00000014abcfc730
Event: 1.007 Thread 0x000001bd518b7cc0 DEOPT UNPACKING pc=0x000001bd605f23a3 sp=0x00000014abcfc718 mode 2
Event: 1.087 Thread 0x000001bd518b7cc0 Uncommon trap: trap_request=0xffffff45 fr.pc=0x000001bd60d66420 relative=0x0000000000000260
Event: 1.087 Thread 0x000001bd518b7cc0 Uncommon trap: reason=unstable_if action=reinterpret pc=0x000001bd60d66420 method=java.lang.invoke.VarHandle.checkExactAccessMode(Ljava/lang/invoke/VarHandle$AccessDescriptor;)V @ 4 c2
Event: 1.087 Thread 0x000001bd518b7cc0 DEOPT PACKING pc=0x000001bd60d66420 sp=0x00000014abcfc800
Event: 1.087 Thread 0x000001bd518b7cc0 DEOPT UNPACKING pc=0x000001bd605f23a3 sp=0x00000014abcfc770 mode 2

Classes unloaded (0 events):
No events

Classes redefined (0 events):
No events

Internal exceptions (18 events):
Event: 0.149 Thread 0x000001bd518b7cc0 Exception <a 'java/lang/NoSuchMethodError'{0x00000000ffc7d190}: 'int java.lang.invoke.DirectMethodHandle$Holder.invokeStaticInit(java.lang.Object, java.lang.Object)'> (0x00000000ffc7d190) 
thrown [s\open\src\hotspot\share\interpreter\linkResolver.cpp, line 759]
Event: 0.468 Thread 0x000001bd518b7cc0 Exception <a 'java/lang/NoSuchMethodError'{0x00000000feba41b8}: 'void java.lang.invoke.DirectMethodHandle$Holder.invokeStatic(java.lang.Object, java.lang.Object)'> (0x00000000feba41b8) 
thrown [s\open\src\hotspot\share\interpreter\linkResolver.cpp, line 759]
Event: 0.493 Thread 0x000001bd518b7cc0 Exception <a 'java/lang/NoClassDefFoundError'{0x00000000fea3dc80}: org/slf4j/impl/StaticMarkerBinder> (0x00000000fea3dc80) 
thrown [s\open\src\hotspot\share\classfile\systemDictionary.cpp, line 245]
Event: 0.516 Thread 0x000001bd518b7cc0 Exception <a 'java/lang/NoSuchMethodError'{0x00000000feada170}: 'java.lang.Object java.lang.invoke.DirectMethodHandle$Holder.invokeVirtual(java.lang.Object, java.lang.Object, java.lang.Object, java.lang.Object, java.lang.Object, java.lang.Object, java.lang.Object)'> (0x00000000feada170) 
thrown [s\open\src\hotspot\share\interpreter\linkResolver.cpp, line 759]
Event: 0.519 Thread 0x000001bd518b7cc0 Exception <a 'java/lang/NoSuchMethodError'{0x00000000feaeb770}: 'java.lang.Object java.lang.invoke.Invokers$Holder.invoker(java.lang.Object, java.lang.Object, java.lang.Object)'> (0x00000000feaeb770) 
thrown [s\open\src\hotspot\share\interpreter\linkResolver.cpp, line 759]
Event: 0.521 Thread 0x000001bd518b7cc0 Exception <a 'java/lang/NoSuchMethodError'{0x00000000feaf4b78}: 'java.lang.Object java.lang.invoke.DirectMethodHandle$Holder.invokeStatic(java.lang.Object, java.lang.Object, int)'> (0x00000000feaf4b78) 
thrown [s\open\src\hotspot\share\interpreter\linkResolver.cpp, line 759]
Event: 0.524 Thread 0x000001bd518b7cc0 Exception <a 'java/lang/NoSuchMethodError'{0x00000000fe900ff8}: 'void java.lang.invoke.DelegatingMethodHandle$Holder.delegate(java.lang.Object, java.lang.Object, int, java.lang.Object)'> (0x00000000fe900ff8) 
thrown [s\open\src\hotspot\share\interpreter\linkResolver.cpp, line 759]
Event: 0.525 Thread 0x000001bd518b7cc0 Exception <a 'java/lang/NoSuchMethodError'{0x00000000fe905140}: 'int java.lang.invoke.DirectMethodHandle$Holder.invokeSpecial(java.lang.Object, java.lang.Object, java.lang.Object)'> (0x00000000fe905140) 
thrown [s\open\src\hotspot\share\interpreter\linkResolver.cpp, line 759]
Event: 0.533 Thread 0x000001bd518b7cc0 Exception <a 'java/lang/NoSuchMethodError'{0x00000000fe918288}: 'java.lang.Object java.lang.invoke.Invokers$Holder.invokeExact_MT(java.lang.Object, java.lang.Object, java.lang.Object, java.lang.Object)'> (0x00000000fe918288) 
thrown [s\open\src\hotspot\share\interpreter\linkResolver.cpp, line 759]
Event: 0.661 Thread 0x000001bd518b7cc0 Exception <a 'java/lang/NoSuchMethodError'{0x00000000ffc2fb70}: 'void java.lang.invoke.DirectMethodHandle$Holder.invokeSpecial(java.lang.Object, java.lang.Object, java.lang.Object)'> (0x00000000ffc2fb70) 
thrown [s\open\src\hotspot\share\interpreter\linkResolver.cpp, line 759]
Event: 0.676 Thread 0x000001bd518b7cc0 Implicit null exception at 0x000001bd60d3c413 to 0x000001bd60d3c84c
Event: 0.676 Thread 0x000001bd518b7cc0 Implicit null exception at 0x000001bd60d2ef11 to 0x000001bd60d2f33c
Event: 0.702 Thread 0x000001bd518b7cc0 Exception <a 'java/lang/NoSuchMethodError'{0x00000000ffbd4670}: 'java.lang.Object java.lang.invoke.DirectMethodHandle$Holder.invokeStaticInit(java.lang.Object)'> (0x00000000ffbd4670) 
thrown [s\open\src\hotspot\share\interpreter\linkResolver.cpp, line 759]
Event: 0.807 Thread 0x000001bd518b7cc0 Exception <a 'java/lang/NoSuchMethodError'{0x00000000ff678888}: 'java.lang.Object java.lang.invoke.DirectMethodHandle$Holder.invokeStaticInit(java.lang.Object, int, int, int, int)'> (0x00000000ff678888) 
thrown [s\open\src\hotspot\share\interpreter\linkResolver.cpp, line 759]
Event: 0.855 Thread 0x000001bd518b7cc0 Exception <a 'java/lang/NoSuchMethodError'{0x00000000ff520be0}: 'java.lang.Object java.lang.invoke.DirectMethodHandle$Holder.invokeStaticInit(java.lang.Object, java.lang.Object, int, int, int, int)'> (0x00000000ff520be0) 
thrown [s\open\src\hotspot\share\interpreter\linkResolver.cpp, line 759]
Event: 0.981 Thread 0x000001bd518b7cc0 Exception <a 'java/lang/NoSuchMethodError'{0x00000000ff54d870}: 'void java.lang.invoke.DirectMethodHandle$Holder.invokeStatic(java.lang.Object, java.lang.Object, java.lang.Object)'> (0x00000000ff54d870) 
thrown [s\open\src\hotspot\share\interpreter\linkResolver.cpp, line 759]
Event: 1.006 Thread 0x000001bd518b7cc0 Implicit null exception at 0x000001bd60d27c72 to 0x000001bd60d28240
Event: 1.007 Thread 0x000001bd518b7cc0 Implicit null exception at 0x000001bd60d2dff2 to 0x000001bd60d2e5d0

VM Operations (20 events):
Event: 0.520 Executing VM operation: HandshakeAllThreads
Event: 0.521 Executing VM operation: HandshakeAllThreads done
Event: 0.544 Executing VM operation: ICBufferFull
Event: 0.545 Executing VM operation: ICBufferFull done
Event: 0.570 Executing VM operation: G1CollectForAllocation
Event: 0.577 Executing VM operation: G1CollectForAllocation done
Event: 0.763 Executing VM operation: HandshakeAllThreads
Event: 0.763 Executing VM operation: HandshakeAllThreads done
Event: 0.849 Executing VM operation: HandshakeAllThreads
Event: 0.849 Executing VM operation: HandshakeAllThreads done
Event: 1.859 Executing VM operation: Cleanup
Event: 1.859 Executing VM operation: Cleanup done
Event: 5.904 Executing VM operation: Cleanup
Event: 5.904 Executing VM operation: Cleanup done
Event: 14.985 Executing VM operation: Cleanup
Event: 14.986 Executing VM operation: Cleanup done
Event: 15.994 Executing VM operation: Cleanup
Event: 15.994 Executing VM operation: Cleanup done
Event: 20.042 Executing VM operation: Cleanup
Event: 20.043 Executing VM operation: Cleanup done

Events (20 events):
Event: 13.319 loading class sun/util/logging/PlatformLogger$ConfigurableBridge$LoggerConfiguration
Event: 13.320 loading class sun/util/logging/PlatformLogger$ConfigurableBridge$LoggerConfiguration done
Event: 13.320 loading class sun/util/logging/internal/LoggingProviderImpl$JULWrapper done
Event: 13.320 loading class java/io/ObjectInputFilter
Event: 13.320 loading class java/io/ObjectInputFilter done
Event: 13.321 loading class java/io/ObjectInputFilter$Config$BuiltinFilterFactory
Event: 13.321 loading class java/io/ObjectInputFilter$Config$BuiltinFilterFactory done
Event: 13.321 loading class jdk/internal/access/JavaObjectInputFilterAccess
Event: 13.321 loading class jdk/internal/access/JavaObjectInputFilterAccess done
Event: 13.321 loading class java/lang/System$Logger$Level
Event: 13.322 loading class java/lang/System$Logger$Level done
Event: 13.322 loading class java/io/Bits
Event: 13.322 loading class java/io/Bits done
Event: 15.276 Thread 0x000001bd70b60390 Thread added: 0x000001bd70b60390
Event: 15.276 Thread 0x000001bd70b627a0 Thread added: 0x000001bd70b627a0
Event: 15.276 Thread 0x000001bd70b62cc0 Thread added: 0x000001bd70b62cc0
Event: 16.102 Thread 0x000001bd70b62cc0 Thread exited: 0x000001bd70b62cc0
Event: 19.423 Thread 0x000001bd70b627a0 Thread exited: 0x000001bd70b627a0
Event: 19.500 Thread 0x000001bd70b639d0 Thread added: 0x000001bd70b639d0
Event: 19.592 Thread 0x000001bd70ba6c20 Thread added: 0x000001bd70ba6c20


Dynamic libraries:
0x00007ff6444c0000 - 0x00007ff6444d0000 	C:\Program Files\Java\jdk-17\bin\java.exe
0x00007ffc94c30000 - 0x00007ffc94e47000 	C:\WINDOWS\SYSTEM32\ntdll.dll
0x00007ffc94450000 - 0x00007ffc94514000 	C:\WINDOWS\System32\KERNEL32.DLL
0x00007ffc921d0000 - 0x00007ffc92576000 	C:\WINDOWS\System32\KERNELBASE.dll
0x00007ffc927d0000 - 0x00007ffc928e1000 	C:\WINDOWS\System32\ucrtbase.dll
0x00007ffc4a620000 - 0x00007ffc4a63b000 	C:\Program Files\Java\jdk-17\bin\VCRUNTIME140.dll
0x00007ffc4a430000 - 0x00007ffc4a449000 	C:\Program Files\Java\jdk-17\bin\jli.dll
0x00007ffc92cb0000 - 0x00007ffc92d61000 	C:\WINDOWS\System32\ADVAPI32.dll
0x00007ffc94b40000 - 0x00007ffc94be7000 	C:\WINDOWS\System32\msvcrt.dll
0x00007ffc92fd0000 - 0x00007ffc93075000 	C:\WINDOWS\System32\sechost.dll
0x00007ffc94530000 - 0x00007ffc94647000 	C:\WINDOWS\System32\RPCRT4.dll
0x00007ffc92e20000 - 0x00007ffc92fce000 	C:\WINDOWS\System32\USER32.dll
0x00007ffc92100000 - 0x00007ffc92126000 	C:\WINDOWS\System32\win32u.dll
0x00007ffc89c50000 - 0x00007ffc89ee3000 	C:\WINDOWS\WinSxS\amd64_microsoft.windows.common-controls_6595b64144ccf1df_6.0.22621.2706_none_270c5aa17388e1a2\COMCTL32.dll
0x00007ffc92d70000 - 0x00007ffc92d99000 	C:\WINDOWS\System32\GDI32.dll
0x00007ffc926b0000 - 0x00007ffc927c8000 	C:\WINDOWS\System32\gdi32full.dll
0x00007ffc92130000 - 0x00007ffc921ca000 	C:\WINDOWS\System32\msvcp_win.dll
0x00007ffc8a600000 - 0x00007ffc8a60a000 	C:\WINDOWS\SYSTEM32\VERSION.dll
0x00007ffc940d0000 - 0x00007ffc94101000 	C:\WINDOWS\System32\IMM32.DLL
0x00007ffc54dd0000 - 0x00007ffc54ddc000 	C:\Program Files\Java\jdk-17\bin\vcruntime140_1.dll
0x00007ffc1aff0000 - 0x00007ffc1b07e000 	C:\Program Files\Java\jdk-17\bin\msvcp140.dll
0x00007ffbf89c0000 - 0x00007ffbf95a1000 	C:\Program Files\Java\jdk-17\bin\server\jvm.dll
0x00007ffc94b30000 - 0x00007ffc94b38000 	C:\WINDOWS\System32\PSAPI.DLL
0x00007ffc8e5c0000 - 0x00007ffc8e5c9000 	C:\WINDOWS\SYSTEM32\WSOCK32.dll
0x00007ffc86300000 - 0x00007ffc86334000 	C:\WINDOWS\SYSTEM32\WINMM.dll
0x00007ffc92da0000 - 0x00007ffc92e11000 	C:\WINDOWS\System32\WS2_32.dll
0x00007ffc90f90000 - 0x00007ffc90fa8000 	C:\WINDOWS\SYSTEM32\kernel.appcore.dll
0x00007ffc51e30000 - 0x00007ffc51e3a000 	C:\Program Files\Java\jdk-17\bin\jimage.dll
0x00007ffc8f270000 - 0x00007ffc8f4a3000 	C:\WINDOWS\SYSTEM32\DBGHELP.DLL
0x00007ffc946a0000 - 0x00007ffc94a29000 	C:\WINDOWS\System32\combase.dll
0x00007ffc939e0000 - 0x00007ffc93ab7000 	C:\WINDOWS\System32\OLEAUT32.dll
0x00007ffc875a0000 - 0x00007ffc875d2000 	C:\WINDOWS\SYSTEM32\dbgcore.DLL
0x00007ffc928f0000 - 0x00007ffc9296a000 	C:\WINDOWS\System32\bcryptPrimitives.dll
0x00007ffc49790000 - 0x00007ffc497b5000 	C:\Program Files\Java\jdk-17\bin\java.dll
0x00007ffc13120000 - 0x00007ffc131f7000 	C:\Program Files\Java\jdk-17\bin\jsvml.dll
0x00007ffc93080000 - 0x00007ffc938d8000 	C:\WINDOWS\System32\SHELL32.dll
0x00007ffc8feb0000 - 0x00007ffc907a5000 	C:\WINDOWS\SYSTEM32\windows.storage.dll
0x00007ffc8fd70000 - 0x00007ffc8feae000 	C:\WINDOWS\SYSTEM32\wintypes.dll
0x00007ffc938e0000 - 0x00007ffc939d3000 	C:\WINDOWS\System32\SHCORE.dll
0x00007ffc943f0000 - 0x00007ffc9444e000 	C:\WINDOWS\System32\shlwapi.dll
0x00007ffc91ec0000 - 0x00007ffc91ee6000 	C:\WINDOWS\SYSTEM32\profapi.dll
0x00007ffc49bb0000 - 0x00007ffc49bc9000 	C:\Program Files\Java\jdk-17\bin\net.dll
0x00007ffc8b8f0000 - 0x00007ffc8ba27000 	C:\WINDOWS\SYSTEM32\WINHTTP.dll
0x00007ffc91410000 - 0x00007ffc91479000 	C:\WINDOWS\system32\mswsock.dll
0x00007ffc49140000 - 0x00007ffc49156000 	C:\Program Files\Java\jdk-17\bin\nio.dll
0x00007ffc48f70000 - 0x00007ffc48f88000 	C:\Program Files\Java\jdk-17\bin\zip.dll
0x00007ffc4a690000 - 0x00007ffc4a6a0000 	C:\Program Files\Java\jdk-17\bin\verify.dll
0x00007ffc465b0000 - 0x00007ffc465d7000 	C:\Users\Admin\.gradle\native\68d5fa5c4cc2d200863cafc0d521ce42e7d3e7ee720ec0a83991735586a16f82\windows-amd64\native-platform.dll
0x00007ffc49780000 - 0x00007ffc4978a000 	C:\Program Files\Java\jdk-17\bin\management.dll
0x00007ffc48f60000 - 0x00007ffc48f6b000 	C:\Program Files\Java\jdk-17\bin\management_ext.dll
0x00007ffc91660000 - 0x00007ffc9167b000 	C:\WINDOWS\SYSTEM32\CRYPTSP.dll
0x00007ffc90ef0000 - 0x00007ffc90f25000 	C:\WINDOWS\system32\rsaenh.dll
0x00007ffc91500000 - 0x00007ffc9152c000 	C:\WINDOWS\SYSTEM32\USERENV.dll
0x00007ffc918a0000 - 0x00007ffc918c8000 	C:\WINDOWS\SYSTEM32\bcrypt.dll
0x00007ffc91680000 - 0x00007ffc9168c000 	C:\WINDOWS\SYSTEM32\CRYPTBASE.dll
0x00007ffc90a10000 - 0x00007ffc90a3d000 	C:\WINDOWS\SYSTEM32\IPHLPAPI.DLL
0x00007ffc940c0000 - 0x00007ffc940c9000 	C:\WINDOWS\System32\NSI.dll
0x00007ffc8b730000 - 0x00007ffc8b749000 	C:\WINDOWS\SYSTEM32\dhcpcsvc6.DLL
0x00007ffc8b710000 - 0x00007ffc8b72f000 	C:\WINDOWS\SYSTEM32\dhcpcsvc.DLL
0x00007ffc90a40000 - 0x00007ffc90b39000 	C:\WINDOWS\SYSTEM32\DNSAPI.dll
0x00007ffc48f50000 - 0x00007ffc48f5e000 	C:\Program Files\Java\jdk-17\bin\sunmscapi.dll
0x00007ffc91f90000 - 0x00007ffc920f6000 	C:\WINDOWS\System32\CRYPT32.dll
0x00007ffc91870000 - 0x00007ffc9189d000 	C:\WINDOWS\SYSTEM32\ncrypt.dll
0x00007ffc91830000 - 0x00007ffc91867000 	C:\WINDOWS\SYSTEM32\NTASN1.dll
0x00007ffc83f60000 - 0x00007ffc83f68000 	C:\WINDOWS\system32\wshunix.dll

dbghelp: loaded successfully - version: 4.0.5 - missing functions: none
symbol engine: initialized successfully - sym options: 0x614 - pdb path: .;C:\Program Files\Java\jdk-17\bin;C:\WINDOWS\SYSTEM32;C:\WINDOWS\WinSxS\amd64_microsoft.windows.common-controls_6595b64144ccf1df_6.0.22621.2706_none_270c5aa17388e1a2;C:\Program Files\Java\jdk-17\bin\server;C:\Users\Admin\.gradle\native\68d5fa5c4cc2d200863cafc0d521ce42e7d3e7ee720ec0a83991735586a16f82\windows-amd64

VM Arguments:
jvm_args: -Xmx64m -Xms64m -Dorg.gradle.appname=gradlew 
java_command: org.gradle.wrapper.GradleWrapperMain app:installDebug -PreactNativeDevServerPort=8081
java_class_path (initial): C:\Users\Admin\Documents\ReactNative\React_Native_Project\android\\gradle\wrapper\gradle-wrapper.jar
Launcher Type: SUN_STANDARD

[Global flags]
     intx CICompilerCount                          = 12                                        {product} {ergonomic}
     uint ConcGCThreads                            = 3                                         {product} {ergonomic}
     uint G1ConcRefinementThreads                  = 13                                        {product} {ergonomic}
   size_t G1HeapRegionSize                         = 1048576                                   {product} {ergonomic}
    uintx GCDrainStackTargetSize                   = 64                                        {product} {ergonomic}
   size_t InitialHeapSize                          = 67108864                                  {product} {command line}
   size_t MarkStackSize                            = 4194304                                   {product} {ergonomic}
   size_t MaxHeapSize                              = 67108864                                  {product} {command line}
   size_t MaxNewSize                               = 39845888                                  {product} {ergonomic}
   size_t MinHeapDeltaBytes                        = 1048576                                   {product} {ergonomic}
   size_t MinHeapSize                              = 67108864                                  {product} {command line}
    uintx NonNMethodCodeHeapSize                   = 7602480                                {pd product} {ergonomic}
    uintx NonProfiledCodeHeapSize                  = 122027880                              {pd product} {ergonomic}
    uintx ProfiledCodeHeapSize                     = 122027880                              {pd product} {ergonomic}
    uintx ReservedCodeCacheSize                    = 251658240                              {pd product} {ergonomic}
     bool SegmentedCodeCache                       = true                                      {product} {ergonomic}
   size_t SoftMaxHeapSize                          = 67108864                               {manageable} {ergonomic}
     bool UseCompressedClassPointers               = true                           {product lp64_product} {ergonomic}
     bool UseCompressedOops                        = true                           {product lp64_product} {ergonomic}
     bool UseG1GC                                  = true                                      {product} {ergonomic}
     bool UseLargePagesIndividualAllocation        = false                                  {pd product} {ergonomic}

Logging:
Log output configuration:
 #0: stdout all=warning uptime,level,tags
 #1: stderr all=off uptime,level,tags

Environment Variables:
JAVA_HOME=C:\Program Files\Java\jdk-17
CLASSPATH=C:\Users\Admin\Documents\ReactNative\React_Native_Project\android\\gradle\wrapper\gradle-wrapper.jar
PATH=C:\Users\Admin\Documents\ReactNative\React_Native_Project\node_modules\.bin;C:\Users\Admin\Documents\ReactNative\React_Native_Project\node_modules\.bin;C:\Users\Admin\Documents\ReactNative\node_modules\.bin;C:\Users\Admin\Documents\node_modules\.bin;C:\Users\Admin\node_modules\.bin;C:\Users\node_modules\.bin;C:\node_modules\.bin;C:\Program Files\nodejs\node_modules\npm\node_modules\@npmcli\run-script\lib\node-gyp-bin;C:\Users\Admin\AppData\Local\Temp\yarn--1704566405168-0.9330927658054908;C:\Users\Admin\Documents\ReactNative\React_Native_Project\node_modules\.bin;C:\Users\Admin\AppData\Local\Yarn\Data\link\node_modules\.bin;C:\Users\Admin\AppData\Local\Yarn\bin;C:\Program Files\libexec\lib\node_modules\npm\bin\node-gyp-bin;C:\Program Files\lib\node_modules\npm\bin\node-gyp-bin;C:\Program Files\nodejs\node_modules\npm\bin\node-gyp-bin;C:\Program Files\Common Files\Oracle\Java\javapath;C:\Windows\system32;C:\Windows;C:\Windows\System32\Wbem;C:\Windows\System32\WindowsPowerShell\v1.0\;C:\Windows\System32\OpenSSH\;C:\Program Files (x86)\NVIDIA Corporation\PhysX\Common;C:\Program Files\NVIDIA Corporation\NVIDIA NvDLISR;C:\Program Files\nodejs\;C:\Program Files\Git\cmd;C:\Program Files\Microsoft SQL Server\150\Tools\Binn\;C:\Program Files\Microsoft SQL Server\Client SDK\ODBC\170\Tools\Binn\;C:\Program Files (x86)\Microsoft SQL Server\160\Tools\Binn\;C:\Program Files\Microsoft SQL Server\160\Tools\Binn\;C:\Program Files\Microsoft SQL Server\160\DTS\Binn\;C:\Program Files\dotnet\;C:\Program Files (x86)\Microsoft SQL Server\160\DTS\Binn\;C:\Program Files\Azure Data Studio\bin;C:\WINDOWS\system32;C:\WINDOWS;C:\WINDOWS\System32\Wbem;C:\WINDOWS\System32\WindowsPowerShell\v1.0\;C:\WINDOWS\System32\OpenSSH\;C:\Program Files\PuTTY\;C:\Program Files\Java\jdk-17\bin;C:\Users\Admin\AppData\Local\Programs\Python\Python311\Scripts\;C:\Users\Admin\AppData\Local\Programs\Python\Python311\;C:\Users\Admin\AppData\Local\Microsoft\WindowsApps;C:\Program Files\JetBrains\IntelliJ IDEA 2023.2
USERNAME=Admin
OS=Windows_NT
PROCESSOR_IDENTIFIER=AMD64 Family 23 Model 96 Stepping 1, AuthenticAMD



---------------  S Y S T E M  ---------------

OS:
 Windows 11 , 64 bit Build 22621 (10.0.22621.2841)
OS uptime: 0 days 8:24 hours

CPU: total 16 (initial active 16) (16 cores per cpu, 2 threads per core) family 23 model 96 stepping 1 microcode 0x0, cx8, cmov, fxsr, ht, mmx, 3dnowpref, sse, sse2, sse3, ssse3, sse4a, sse4.1, sse4.2, popcnt, lzcnt, tsc, tscinvbit, avx, avx2, aes, clmul, bmi1, bmi2, adx, sha, fma, vzeroupper, clflush, clflushopt

Memory: 4k page, system-wide physical 15791M (1494M free)
TotalPageFile size 44363M (AvailPageFile size 0M)
current process WorkingSet (physical memory assigned to process): 91M, peak: 95M
current process commit charge ("private bytes"): 174M, peak: 179M

vm_info: Java HotSpot(TM) 64-Bit Server VM (17.0.9+11-LTS-201) for windows-amd64 JRE (17.0.9+11-LTS-201), built on Oct 10 2023 23:16:06 by "mach5one" with MS VC++ 17.1 (VS2022)

END.
