#
# There is insufficient memory for the Java Runtime Environment to continue.
# Native memory allocation (mmap) failed to map 67108864 bytes for G1 virtual space
# Possible reasons:
#   The system is out of physical RAM or swap space
#   The process is running with CompressedOops enabled, and the Java Heap may be blocking the growth of the native heap
# Possible solutions:
#   Reduce memory load on the system
#   Increase physical memory or swap space
#   Check if swap backing store is full
#   Decrease Java heap size (-Xmx/-Xms)
#   Decrease number of Java threads
#   Decrease Java thread stack sizes (-Xss)
#   Set larger code cache with -XX:ReservedCodeCacheSize=
#   JVM is running with Unscaled Compressed Oops mode in which the Java heap is
#     placed in the first 4GB address space. The Java Heap base address is the
#     maximum limit for the native heap growth. Please use -XX:HeapBaseMinAddress
#     to set the Java Heap base and to place the Java Heap above 4GB virtual address.
# This output file may be truncated or incomplete.
#
#  Out of Memory Error (os_windows.cpp:3552), pid=15060, tid=18212
#
# JRE version:  (17.0.9+11) (build )
# Java VM: Java HotSpot(TM) 64-Bit Server VM (17.0.9+11-LTS-201, mixed mode, sharing, tiered, compressed oops, compressed class ptrs, g1 gc, windows-amd64)
# No core dump will be written. Minidumps are not enabled by default on client versions of Windows
#

---------------  S U M M A R Y ------------

Command Line: -Xmx64m -Xms64m -Dorg.gradle.appname=gradlew org.gradle.wrapper.GradleWrapperMain app:installDebug -PreactNativeDevServerPort=8081

Host: AMD Ryzen 7 4800H with Radeon Graphics         , 16 cores, 15G,  Windows 11 , 64 bit Build 22621 (10.0.22621.2841)
Time: Tue Jan  2 19:08:50 2024 SE Asia Standard Time elapsed time: 0.044381 seconds (0d 0h 0m 0s)

---------------  T H R E A D  ---------------

Current thread (0x000001494c3c6700):  JavaThread "Unknown thread" [_thread_in_vm, id=18212, stack(0x0000000db4c00000,0x0000000db4d00000)]

Stack: [0x0000000db4c00000,0x0000000db4d00000]
Native frames: (J=compiled Java code, j=interpreted, Vv=VM code, C=native code)
V  [jvm.dll+0x678a4a]
V  [jvm.dll+0x7d9cfd]
V  [jvm.dll+0x7db60e]
V  [jvm.dll+0x7dbc73]
V  [jvm.dll+0x245e1f]
V  [jvm.dll+0x6758f9]
V  [jvm.dll+0x66a2a2]
V  [jvm.dll+0x303686]
V  [jvm.dll+0x30ac06]
V  [jvm.dll+0x35a48e]
V  [jvm.dll+0x35a6bf]
V  [jvm.dll+0x2da678]
V  [jvm.dll+0x2db5e4]
V  [jvm.dll+0x7ab6b1]
V  [jvm.dll+0x368041]
V  [jvm.dll+0x78a749]
V  [jvm.dll+0x3ebd4f]
V  [jvm.dll+0x3ed7d1]
C  [jli.dll+0x5297]
C  [ucrtbase.dll+0x29363]
C  [KERNEL32.DLL+0x1257d]
C  [ntdll.dll+0x5aa58]


---------------  P R O C E S S  ---------------

Threads class SMR info:
_java_thread_list=0x00007ffaa62089d8, length=0, elements={
}

Java Threads: ( => current thread )

Other Threads:
  0x000001494c3e7bc0 GCTaskThread "GC Thread#0" [stack: 0x0000000db4d00000,0x0000000db4e00000] [id=16212]
  0x000001494c3e9ab0 ConcurrentGCThread "G1 Main Marker" [stack: 0x0000000db4e00000,0x0000000db4f00000] [id=13128]
  0x000001494c3ea4c0 ConcurrentGCThread "G1 Conc#0" [stack: 0x0000000db4f00000,0x0000000db5000000] [id=28468]

[error occurred during error reporting (printing all threads), id 0xc0000005, EXCEPTION_ACCESS_VIOLATION (0xc0000005) at pc=0x00007ffaa5a3b2d7]

VM state: not at safepoint (not fully initialized)

VM Mutex/Monitor currently owned by a thread:  ([mutex/lock_event])
[0x000001494c3c3ac0] Heap_lock - owner thread: 0x000001494c3c6700

Heap address: 0x00000000fc000000, size: 64 MB, Compressed Oops mode: 32-bit

CDS archive(s) mapped at: [0x0000000000000000-0x0000000000000000-0x0000000000000000), size 0, SharedBaseAddress: 0x0000000800000000, ArchiveRelocationMode: 1.
Narrow klass base: 0x0000000000000000, Narrow klass shift: 0, Narrow klass range: 0x0

GC Precious Log:
<Empty>

Heap:
 garbage-first heap   total 0K, used 0K [0x00000000fc000000, 0x0000000100000000)
  region size 1024K, 0 young (0K), 0 survivors (0K)

[error occurred during error reporting (printing heap information), id 0xc0000005, EXCEPTION_ACCESS_VIOLATION (0xc0000005) at pc=0x00007ffaa5e22229]

GC Heap History (0 events):
No events

Deoptimization events (0 events):
No events

Classes unloaded (0 events):
No events

Classes redefined (0 events):
No events

Internal exceptions (0 events):
No events

VM Operations (0 events):
No events

Events (1 events):
Event: 0.025 Loaded shared library C:\Program Files\Java\jdk-17\bin\java.dll


Dynamic libraries:
0x00007ff629d10000 - 0x00007ff629d20000 	C:\Program Files\Java\jdk-17\bin\java.exe
0x00007ffb35850000 - 0x00007ffb35a67000 	C:\WINDOWS\SYSTEM32\ntdll.dll
0x00007ffb35020000 - 0x00007ffb350e4000 	C:\WINDOWS\System32\KERNEL32.DLL
0x00007ffb32bb0000 - 0x00007ffb32f56000 	C:\WINDOWS\System32\KERNELBASE.dll
0x00007ffb332b0000 - 0x00007ffb333c1000 	C:\WINDOWS\System32\ucrtbase.dll
0x00007ffb1c0b0000 - 0x00007ffb1c0c9000 	C:\Program Files\Java\jdk-17\bin\jli.dll
0x00007ffb1c0d0000 - 0x00007ffb1c0eb000 	C:\Program Files\Java\jdk-17\bin\VCRUNTIME140.dll
0x00007ffb351f0000 - 0x00007ffb352a1000 	C:\WINDOWS\System32\ADVAPI32.dll
0x00007ffb33720000 - 0x00007ffb337c7000 	C:\WINDOWS\System32\msvcrt.dll
0x00007ffb35140000 - 0x00007ffb351e5000 	C:\WINDOWS\System32\sechost.dll
0x00007ffb352b0000 - 0x00007ffb353c7000 	C:\WINDOWS\System32\RPCRT4.dll
0x00007ffb33bb0000 - 0x00007ffb33d5e000 	C:\WINDOWS\System32\USER32.dll
0x00007ffb33280000 - 0x00007ffb332a6000 	C:\WINDOWS\System32\win32u.dll
0x00007ffb2b900000 - 0x00007ffb2bb93000 	C:\WINDOWS\WinSxS\amd64_microsoft.windows.common-controls_6595b64144ccf1df_6.0.22621.2706_none_270c5aa17388e1a2\COMCTL32.dll
0x00007ffb35110000 - 0x00007ffb35139000 	C:\WINDOWS\System32\GDI32.dll
0x00007ffb33470000 - 0x00007ffb33588000 	C:\WINDOWS\System32\gdi32full.dll
0x00007ffb333d0000 - 0x00007ffb3346a000 	C:\WINDOWS\System32\msvcp_win.dll
0x00007ffb2c270000 - 0x00007ffb2c27a000 	C:\WINDOWS\SYSTEM32\VERSION.dll
0x00007ffb353d0000 - 0x00007ffb35401000 	C:\WINDOWS\System32\IMM32.DLL
0x00007ffb1eb80000 - 0x00007ffb1eb8c000 	C:\Program Files\Java\jdk-17\bin\vcruntime140_1.dll
0x00007ffadb080000 - 0x00007ffadb10e000 	C:\Program Files\Java\jdk-17\bin\msvcp140.dll
0x00007ffaa5750000 - 0x00007ffaa6331000 	C:\Program Files\Java\jdk-17\bin\server\jvm.dll
0x00007ffb35100000 - 0x00007ffb35108000 	C:\WINDOWS\System32\PSAPI.DLL
0x00007ffb27d20000 - 0x00007ffb27d54000 	C:\WINDOWS\SYSTEM32\WINMM.dll
0x00007ffb2e180000 - 0x00007ffb2e189000 	C:\WINDOWS\SYSTEM32\WSOCK32.dll
0x00007ffb34290000 - 0x00007ffb34301000 	C:\WINDOWS\System32\WS2_32.dll
0x00007ffb31bb0000 - 0x00007ffb31bc8000 	C:\WINDOWS\SYSTEM32\kernel.appcore.dll
0x00007ffb1e790000 - 0x00007ffb1e79a000 	C:\Program Files\Java\jdk-17\bin\jimage.dll
0x00007ffb30520000 - 0x00007ffb30753000 	C:\WINDOWS\SYSTEM32\DBGHELP.DLL
0x00007ffb33820000 - 0x00007ffb33ba9000 	C:\WINDOWS\System32\combase.dll
0x00007ffb35410000 - 0x00007ffb354e7000 	C:\WINDOWS\System32\OLEAUT32.dll
0x00007ffb289e0000 - 0x00007ffb28a12000 	C:\WINDOWS\SYSTEM32\dbgcore.DLL
0x00007ffb33200000 - 0x00007ffb3327a000 	C:\WINDOWS\System32\bcryptPrimitives.dll
0x00007ffafc790000 - 0x00007ffafc7b5000 	C:\Program Files\Java\jdk-17\bin\java.dll

dbghelp: loaded successfully - version: 4.0.5 - missing functions: none
symbol engine: initialized successfully - sym options: 0x614 - pdb path: .;C:\Program Files\Java\jdk-17\bin;C:\WINDOWS\SYSTEM32;C:\WINDOWS\WinSxS\amd64_microsoft.windows.common-controls_6595b64144ccf1df_6.0.22621.2706_none_270c5aa17388e1a2;C:\Program Files\Java\jdk-17\bin\server

VM Arguments:
jvm_args: -Xmx64m -Xms64m -Dorg.gradle.appname=gradlew 
java_command: org.gradle.wrapper.GradleWrapperMain app:installDebug -PreactNativeDevServerPort=8081
java_class_path (initial): C:\Users\Admin\Documents\ReactNative\React_Native_Project\android\\gradle\wrapper\gradle-wrapper.jar
Launcher Type: SUN_STANDARD

[Global flags]
     intx CICompilerCount                          = 12                                        {product} {ergonomic}
     uint ConcGCThreads                            = 3                                         {product} {ergonomic}
     uint G1ConcRefinementThreads                  = 13                                        {product} {ergonomic}
   size_t G1HeapRegionSize                         = 1048576                                   {product} {ergonomic}
    uintx GCDrainStackTargetSize                   = 64                                        {product} {ergonomic}
   size_t InitialHeapSize                          = 67108864                                  {product} {command line}
   size_t MarkStackSize                            = 4194304                                   {product} {ergonomic}
   size_t MaxHeapSize                              = 67108864                                  {product} {command line}
   size_t MinHeapDeltaBytes                        = 1048576                                   {product} {ergonomic}
   size_t MinHeapSize                              = 67108864                                  {product} {command line}
    uintx NonNMethodCodeHeapSize                   = 7602480                                {pd product} {ergonomic}
    uintx NonProfiledCodeHeapSize                  = 122027880                              {pd product} {ergonomic}
    uintx ProfiledCodeHeapSize                     = 122027880                              {pd product} {ergonomic}
    uintx ReservedCodeCacheSize                    = 251658240                              {pd product} {ergonomic}
     bool SegmentedCodeCache                       = true                                      {product} {ergonomic}
   size_t SoftMaxHeapSize                          = 67108864                               {manageable} {ergonomic}
     bool UseCompressedClassPointers               = true                           {product lp64_product} {ergonomic}
     bool UseCompressedOops                        = true                           {product lp64_product} {ergonomic}
     bool UseG1GC                                  = true                                      {product} {ergonomic}
     bool UseLargePagesIndividualAllocation        = false                                  {pd product} {ergonomic}

Logging:
Log output configuration:
 #0: stdout all=warning uptime,level,tags
 #1: stderr all=off uptime,level,tags

Environment Variables:
JAVA_HOME=C:\Program Files\Java\jdk-17
CLASSPATH=C:\Users\Admin\Documents\ReactNative\React_Native_Project\android\\gradle\wrapper\gradle-wrapper.jar
PATH=C:\Users\Admin\Documents\ReactNative\React_Native_Project\node_modules\.bin;C:\Users\Admin\Documents\ReactNative\React_Native_Project\node_modules\.bin;C:\Users\Admin\Documents\ReactNative\node_modules\.bin;C:\Users\Admin\Documents\node_modules\.bin;C:\Users\Admin\node_modules\.bin;C:\Users\node_modules\.bin;C:\node_modules\.bin;C:\Program Files\nodejs\node_modules\npm\node_modules\@npmcli\run-script\lib\node-gyp-bin;C:\Users\Admin\AppData\Local\Temp\yarn--1704197323869-0.47584001980823953;C:\Users\Admin\Documents\ReactNative\React_Native_Project\node_modules\.bin;C:\Users\Admin\AppData\Local\Yarn\Data\link\node_modules\.bin;C:\Users\Admin\AppData\Local\Yarn\bin;C:\Program Files\libexec\lib\node_modules\npm\bin\node-gyp-bin;C:\Program Files\lib\node_modules\npm\bin\node-gyp-bin;C:\Program Files\nodejs\node_modules\npm\bin\node-gyp-bin;C:\Program Files\Common Files\Oracle\Java\javapath;C:\Windows\system32;C:\Windows;C:\Windows\System32\Wbem;C:\Windows\System32\WindowsPowerShell\v1.0\;C:\Windows\System32\OpenSSH\;C:\Program Files (x86)\NVIDIA Corporation\PhysX\Common;C:\Program Files\NVIDIA Corporation\NVIDIA NvDLISR;C:\Program Files\nodejs\;C:\Program Files\Git\cmd;C:\Program Files\Microsoft SQL Server\150\Tools\Binn\;C:\Program Files\Microsoft SQL Server\Client SDK\ODBC\170\Tools\Binn\;C:\Program Files (x86)\Microsoft SQL Server\160\Tools\Binn\;C:\Program Files\Microsoft SQL Server\160\Tools\Binn\;C:\Program Files\Microsoft SQL Server\160\DTS\Binn\;C:\Program Files\dotnet\;C:\Program Files (x86)\Microsoft SQL Server\160\DTS\Binn\;C:\Program Files\Azure Data Studio\bin;C:\WINDOWS\system32;C:\WINDOWS;C:\WINDOWS\System32\Wbem;C:\WINDOWS\System32\WindowsPowerShell\v1.0\;C:\WINDOWS\System32\OpenSSH\;C:\Program Files\PuTTY\;C:\Program Files\Java\jdk-17\bin;C:\Users\Admin\AppData\Local\Programs\Python\Python311\Scripts\;C:\Users\Admin\AppData\Local\Programs\Python\Python311\;C:\Users\Admin\AppData\Local\Microsoft\WindowsApps;C:\Program Files\JetBrains\IntelliJ IDEA 2023.
USERNAME=Admin
OS=Windows_NT
PROCESSOR_IDENTIFIER=AMD64 Family 23 Model 96 Stepping 1, AuthenticAMD



---------------  S Y S T E M  ---------------

OS:
 Windows 11 , 64 bit Build 22621 (10.0.22621.2841)
OS uptime: 1 days 5:55 hours

CPU: total 16 (initial active 16) (16 cores per cpu, 2 threads per core) family 23 model 96 stepping 1 microcode 0x0, cx8, cmov, fxsr, ht, mmx, 3dnowpref, sse, sse2, sse3, ssse3, sse4a, sse4.1, sse4.2, popcnt, lzcnt, tsc, tscinvbit, avx, avx2, aes, clmul, bmi1, bmi2, adx, sha, fma, vzeroupper, clflush, clflushopt

Memory: 4k page, system-wide physical 15791M (4011M free)
TotalPageFile size 44363M (AvailPageFile size 61M)
current process WorkingSet (physical memory assigned to process): 11M, peak: 11M
current process commit charge ("private bytes"): 69M, peak: 133M

vm_info: Java HotSpot(TM) 64-Bit Server VM (17.0.9+11-LTS-201) for windows-amd64 JRE (17.0.9+11-LTS-201), built on Oct 10 2023 23:16:06 by "mach5one" with MS VC++ 17.1 (VS2022)

END.
